2021-11-14 00:10:47.313  INFO 13468 --- [main] SpringBootCoreDataJpaMvcRest1Application : Starting TimesheetSpringBootCoreDataJpaMvcRest1Application on DESKTOP-84CUBII with PID 13468 (C:\Users\hamzo\Documents\workspace-sts-3.8.4.RELEASE\Timesheet-spring-boot-core-data-jpa-mvc-REST-1\target\classes started by hamzo in C:\Users\hamzo\Documents\workspace-sts-3.8.4.RELEASE\Timesheet-spring-boot-core-data-jpa-mvc-REST-1)
2021-11-14 00:10:47.321  INFO 13468 --- [main] SpringBootCoreDataJpaMvcRest1Application : No active profile set, falling back to default profiles: default
2021-11-14 00:10:47.966  INFO 13468 --- [main] .s.d.r.c.RepositoryConfigurationDelegate : Bootstrapping Spring Data repositories in DEFAULT mode.
2021-11-14 00:10:48.024  INFO 13468 --- [main] .s.d.r.c.RepositoryConfigurationDelegate : Finished Spring Data repository scanning in 49ms. Found 1 repository interfaces.
2021-11-14 00:10:48.392  INFO 13468 --- [main] trationDelegate$BeanPostProcessorChecker : Bean 'org.springframework.transaction.annotation.ProxyTransactionManagementConfiguration' of type [org.springframework.transaction.annotation.ProxyTransactionManagementConfiguration$$EnhancerBySpringCGLIB$$c47c5921] is not eligible for getting processed by all BeanPostProcessors (for example: not eligible for auto-proxying)
2021-11-14 00:10:48.736  INFO 13468 --- [main] o.s.b.w.embedded.tomcat.TomcatWebServer  : Tomcat initialized with port(s): 8082 (http)
2021-11-14 00:10:48.759  INFO 13468 --- [main] o.apache.catalina.core.StandardService   : Starting service [Tomcat]
2021-11-14 00:10:48.759  INFO 13468 --- [main] org.apache.catalina.core.StandardEngine  : Starting Servlet engine: [Apache Tomcat/9.0.17]
2021-11-14 00:10:48.868  INFO 13468 --- [main] o.a.c.c.C.[.[localhost].[/SpringMVC]     : Initializing Spring embedded WebApplicationContext
2021-11-14 00:10:48.869  INFO 13468 --- [main] o.s.web.context.ContextLoader            : Root WebApplicationContext: initialization completed in 1498 ms
2021-11-14 00:10:49.107  INFO 13468 --- [main] com.zaxxer.hikari.HikariDataSource       : HikariPool-1 - Starting...
2021-11-14 00:10:49.259  INFO 13468 --- [main] com.zaxxer.hikari.HikariDataSource       : HikariPool-1 - Start completed.
2021-11-14 00:10:49.303  INFO 13468 --- [main] o.hibernate.jpa.internal.util.LogHelper  : HHH000204: Processing PersistenceUnitInfo [
	name: default
	...]
2021-11-14 00:10:49.366  INFO 13468 --- [main] org.hibernate.Version                    : HHH000412: Hibernate Core {5.3.9.Final}
2021-11-14 00:10:49.369  INFO 13468 --- [main] org.hibernate.cfg.Environment            : HHH000206: hibernate.properties not found
2021-11-14 00:10:49.521  INFO 13468 --- [main] o.hibernate.annotations.common.Version   : HCANN000001: Hibernate Commons Annotations {5.0.4.Final}
2021-11-14 00:10:49.642  INFO 13468 --- [main] org.hibernate.dialect.Dialect            : HHH000400: Using dialect: org.hibernate.dialect.MySQL5Dialect
2021-11-14 00:10:50.236  INFO 13468 --- [main] o.h.t.schema.internal.SchemaCreatorImpl  : HHH000476: Executing import script 'org.hibernate.tool.schema.internal.exec.ScriptSourceInputNonExistentImpl@3e5beab5'
2021-11-14 00:10:50.237  INFO 13468 --- [main] j.LocalContainerEntityManagerFactoryBean : Initialized JPA EntityManagerFactory for persistence unit 'default'
2021-11-14 00:10:50.573  INFO 13468 --- [main] o.h.h.i.QueryTranslatorFactoryInitiator  : HHH000397: Using ASTQueryTranslatorFactory
2021-11-14 00:10:50.625  WARN 13468 --- [main] ConfigServletWebServerApplicationContext : Exception encountered during context initialization - cancelling refresh attempt: org.springframework.beans.factory.UnsatisfiedDependencyException: Error creating bean with name 'IControllerEmployeImpl': Unsatisfied dependency expressed through field 'iemployeservice'; nested exception is org.springframework.beans.factory.UnsatisfiedDependencyException: Error creating bean with name 'employeServiceImpl': Unsatisfied dependency expressed through field 'employeRepository'; nested exception is org.springframework.beans.factory.BeanCreationException: Error creating bean with name 'employeRepository': Invocation of init method failed; nested exception is java.lang.IllegalArgumentException: Validation failed for query for method public abstract void tn.esprit.spring.repository.EmployeRepository.deleteAllContratJPQL()!
2021-11-14 00:10:50.626  INFO 13468 --- [main] j.LocalContainerEntityManagerFactoryBean : Closing JPA EntityManagerFactory for persistence unit 'default'
2021-11-14 00:10:50.628  INFO 13468 --- [main] com.zaxxer.hikari.HikariDataSource       : HikariPool-1 - Shutdown initiated...
2021-11-14 00:10:50.632  INFO 13468 --- [main] com.zaxxer.hikari.HikariDataSource       : HikariPool-1 - Shutdown completed.
2021-11-14 00:10:50.634  INFO 13468 --- [main] o.apache.catalina.core.StandardService   : Stopping service [Tomcat]
2021-11-14 00:10:50.647  INFO 13468 --- [main] ConditionEvaluationReportLoggingListener : 

Error starting ApplicationContext. To display the conditions report re-run your application with 'debug' enabled.
2021-11-14 00:10:50.653 ERROR 13468 --- [main] o.s.boot.SpringApplication               : Application run failed

org.springframework.beans.factory.UnsatisfiedDependencyException: Error creating bean with name 'IControllerEmployeImpl': Unsatisfied dependency expressed through field 'iemployeservice'; nested exception is org.springframework.beans.factory.UnsatisfiedDependencyException: Error creating bean with name 'employeServiceImpl': Unsatisfied dependency expressed through field 'employeRepository'; nested exception is org.springframework.beans.factory.BeanCreationException: Error creating bean with name 'employeRepository': Invocation of init method failed; nested exception is java.lang.IllegalArgumentException: Validation failed for query for method public abstract void tn.esprit.spring.repository.EmployeRepository.deleteAllContratJPQL()!
	at org.springframework.beans.factory.annotation.AutowiredAnnotationBeanPostProcessor$AutowiredFieldElement.inject(AutowiredAnnotationBeanPostProcessor.java:596) ~[spring-beans-5.1.6.RELEASE.jar:5.1.6.RELEASE]
	at org.springframework.beans.factory.annotation.InjectionMetadata.inject(InjectionMetadata.java:90) ~[spring-beans-5.1.6.RELEASE.jar:5.1.6.RELEASE]
	at org.springframework.beans.factory.annotation.AutowiredAnnotationBeanPostProcessor.postProcessProperties(AutowiredAnnotationBeanPostProcessor.java:374) ~[spring-beans-5.1.6.RELEASE.jar:5.1.6.RELEASE]
	at org.springframework.beans.factory.support.AbstractAutowireCapableBeanFactory.populateBean(AbstractAutowireCapableBeanFactory.java:1411) ~[spring-beans-5.1.6.RELEASE.jar:5.1.6.RELEASE]
	at org.springframework.beans.factory.support.AbstractAutowireCapableBeanFactory.doCreateBean(AbstractAutowireCapableBeanFactory.java:592) ~[spring-beans-5.1.6.RELEASE.jar:5.1.6.RELEASE]
	at org.springframework.beans.factory.support.AbstractAutowireCapableBeanFactory.createBean(AbstractAutowireCapableBeanFactory.java:515) ~[spring-beans-5.1.6.RELEASE.jar:5.1.6.RELEASE]
	at org.springframework.beans.factory.support.AbstractBeanFactory.lambda$doGetBean$0(AbstractBeanFactory.java:320) ~[spring-beans-5.1.6.RELEASE.jar:5.1.6.RELEASE]
	at org.springframework.beans.factory.support.DefaultSingletonBeanRegistry.getSingleton(DefaultSingletonBeanRegistry.java:222) ~[spring-beans-5.1.6.RELEASE.jar:5.1.6.RELEASE]
	at org.springframework.beans.factory.support.AbstractBeanFactory.doGetBean(AbstractBeanFactory.java:318) ~[spring-beans-5.1.6.RELEASE.jar:5.1.6.RELEASE]
	at org.springframework.beans.factory.support.AbstractBeanFactory.getBean(AbstractBeanFactory.java:199) ~[spring-beans-5.1.6.RELEASE.jar:5.1.6.RELEASE]
	at org.springframework.beans.factory.support.DefaultListableBeanFactory.preInstantiateSingletons(DefaultListableBeanFactory.java:849) ~[spring-beans-5.1.6.RELEASE.jar:5.1.6.RELEASE]
	at org.springframework.context.support.AbstractApplicationContext.finishBeanFactoryInitialization(AbstractApplicationContext.java:877) ~[spring-context-5.1.6.RELEASE.jar:5.1.6.RELEASE]
	at org.springframework.context.support.AbstractApplicationContext.refresh(AbstractApplicationContext.java:549) ~[spring-context-5.1.6.RELEASE.jar:5.1.6.RELEASE]
	at org.springframework.boot.web.servlet.context.ServletWebServerApplicationContext.refresh(ServletWebServerApplicationContext.java:142) ~[spring-boot-2.1.4.RELEASE.jar:2.1.4.RELEASE]
	at org.springframework.boot.SpringApplication.refresh(SpringApplication.java:775) [spring-boot-2.1.4.RELEASE.jar:2.1.4.RELEASE]
	at org.springframework.boot.SpringApplication.refreshContext(SpringApplication.java:397) [spring-boot-2.1.4.RELEASE.jar:2.1.4.RELEASE]
	at org.springframework.boot.SpringApplication.run(SpringApplication.java:316) [spring-boot-2.1.4.RELEASE.jar:2.1.4.RELEASE]
	at org.springframework.boot.SpringApplication.run(SpringApplication.java:1260) [spring-boot-2.1.4.RELEASE.jar:2.1.4.RELEASE]
	at org.springframework.boot.SpringApplication.run(SpringApplication.java:1248) [spring-boot-2.1.4.RELEASE.jar:2.1.4.RELEASE]
	at tn.esprit.spring.TimesheetSpringBootCoreDataJpaMvcRest1Application.main(TimesheetSpringBootCoreDataJpaMvcRest1Application.java:10) [classes/:na]
Caused by: org.springframework.beans.factory.UnsatisfiedDependencyException: Error creating bean with name 'employeServiceImpl': Unsatisfied dependency expressed through field 'employeRepository'; nested exception is org.springframework.beans.factory.BeanCreationException: Error creating bean with name 'employeRepository': Invocation of init method failed; nested exception is java.lang.IllegalArgumentException: Validation failed for query for method public abstract void tn.esprit.spring.repository.EmployeRepository.deleteAllContratJPQL()!
	at org.springframework.beans.factory.annotation.AutowiredAnnotationBeanPostProcessor$AutowiredFieldElement.inject(AutowiredAnnotationBeanPostProcessor.java:596) ~[spring-beans-5.1.6.RELEASE.jar:5.1.6.RELEASE]
	at org.springframework.beans.factory.annotation.InjectionMetadata.inject(InjectionMetadata.java:90) ~[spring-beans-5.1.6.RELEASE.jar:5.1.6.RELEASE]
	at org.springframework.beans.factory.annotation.AutowiredAnnotationBeanPostProcessor.postProcessProperties(AutowiredAnnotationBeanPostProcessor.java:374) ~[spring-beans-5.1.6.RELEASE.jar:5.1.6.RELEASE]
	at org.springframework.beans.factory.support.AbstractAutowireCapableBeanFactory.populateBean(AbstractAutowireCapableBeanFactory.java:1411) ~[spring-beans-5.1.6.RELEASE.jar:5.1.6.RELEASE]
	at org.springframework.beans.factory.support.AbstractAutowireCapableBeanFactory.doCreateBean(AbstractAutowireCapableBeanFactory.java:592) ~[spring-beans-5.1.6.RELEASE.jar:5.1.6.RELEASE]
	at org.springframework.beans.factory.support.AbstractAutowireCapableBeanFactory.createBean(AbstractAutowireCapableBeanFactory.java:515) ~[spring-beans-5.1.6.RELEASE.jar:5.1.6.RELEASE]
	at org.springframework.beans.factory.support.AbstractBeanFactory.lambda$doGetBean$0(AbstractBeanFactory.java:320) ~[spring-beans-5.1.6.RELEASE.jar:5.1.6.RELEASE]
	at org.springframework.beans.factory.support.DefaultSingletonBeanRegistry.getSingleton(DefaultSingletonBeanRegistry.java:222) ~[spring-beans-5.1.6.RELEASE.jar:5.1.6.RELEASE]
	at org.springframework.beans.factory.support.AbstractBeanFactory.doGetBean(AbstractBeanFactory.java:318) ~[spring-beans-5.1.6.RELEASE.jar:5.1.6.RELEASE]
	at org.springframework.beans.factory.support.AbstractBeanFactory.getBean(AbstractBeanFactory.java:199) ~[spring-beans-5.1.6.RELEASE.jar:5.1.6.RELEASE]
	at org.springframework.beans.factory.config.DependencyDescriptor.resolveCandidate(DependencyDescriptor.java:277) ~[spring-beans-5.1.6.RELEASE.jar:5.1.6.RELEASE]
	at org.springframework.beans.factory.support.DefaultListableBeanFactory.doResolveDependency(DefaultListableBeanFactory.java:1247) ~[spring-beans-5.1.6.RELEASE.jar:5.1.6.RELEASE]
	at org.springframework.beans.factory.support.DefaultListableBeanFactory.resolveDependency(DefaultListableBeanFactory.java:1167) ~[spring-beans-5.1.6.RELEASE.jar:5.1.6.RELEASE]
	at org.springframework.beans.factory.annotation.AutowiredAnnotationBeanPostProcessor$AutowiredFieldElement.inject(AutowiredAnnotationBeanPostProcessor.java:593) ~[spring-beans-5.1.6.RELEASE.jar:5.1.6.RELEASE]
	... 19 common frames omitted
Caused by: org.springframework.beans.factory.BeanCreationException: Error creating bean with name 'employeRepository': Invocation of init method failed; nested exception is java.lang.IllegalArgumentException: Validation failed for query for method public abstract void tn.esprit.spring.repository.EmployeRepository.deleteAllContratJPQL()!
	at org.springframework.beans.factory.support.AbstractAutowireCapableBeanFactory.initializeBean(AbstractAutowireCapableBeanFactory.java:1778) ~[spring-beans-5.1.6.RELEASE.jar:5.1.6.RELEASE]
	at org.springframework.beans.factory.support.AbstractAutowireCapableBeanFactory.doCreateBean(AbstractAutowireCapableBeanFactory.java:593) ~[spring-beans-5.1.6.RELEASE.jar:5.1.6.RELEASE]
	at org.springframework.beans.factory.support.AbstractAutowireCapableBeanFactory.createBean(AbstractAutowireCapableBeanFactory.java:515) ~[spring-beans-5.1.6.RELEASE.jar:5.1.6.RELEASE]
	at org.springframework.beans.factory.support.AbstractBeanFactory.lambda$doGetBean$0(AbstractBeanFactory.java:320) ~[spring-beans-5.1.6.RELEASE.jar:5.1.6.RELEASE]
	at org.springframework.beans.factory.support.DefaultSingletonBeanRegistry.getSingleton(DefaultSingletonBeanRegistry.java:222) ~[spring-beans-5.1.6.RELEASE.jar:5.1.6.RELEASE]
	at org.springframework.beans.factory.support.AbstractBeanFactory.doGetBean(AbstractBeanFactory.java:318) ~[spring-beans-5.1.6.RELEASE.jar:5.1.6.RELEASE]
	at org.springframework.beans.factory.support.AbstractBeanFactory.getBean(AbstractBeanFactory.java:199) ~[spring-beans-5.1.6.RELEASE.jar:5.1.6.RELEASE]
	at org.springframework.beans.factory.config.DependencyDescriptor.resolveCandidate(DependencyDescriptor.java:277) ~[spring-beans-5.1.6.RELEASE.jar:5.1.6.RELEASE]
	at org.springframework.beans.factory.support.DefaultListableBeanFactory.doResolveDependency(DefaultListableBeanFactory.java:1247) ~[spring-beans-5.1.6.RELEASE.jar:5.1.6.RELEASE]
	at org.springframework.beans.factory.support.DefaultListableBeanFactory.resolveDependency(DefaultListableBeanFactory.java:1167) ~[spring-beans-5.1.6.RELEASE.jar:5.1.6.RELEASE]
	at org.springframework.beans.factory.annotation.AutowiredAnnotationBeanPostProcessor$AutowiredFieldElement.inject(AutowiredAnnotationBeanPostProcessor.java:593) ~[spring-beans-5.1.6.RELEASE.jar:5.1.6.RELEASE]
	... 32 common frames omitted
Caused by: java.lang.IllegalArgumentException: Validation failed for query for method public abstract void tn.esprit.spring.repository.EmployeRepository.deleteAllContratJPQL()!
	at org.springframework.data.jpa.repository.query.SimpleJpaQuery.validateQuery(SimpleJpaQuery.java:93) ~[spring-data-jpa-2.1.6.RELEASE.jar:2.1.6.RELEASE]
	at org.springframework.data.jpa.repository.query.SimpleJpaQuery.<init>(SimpleJpaQuery.java:63) ~[spring-data-jpa-2.1.6.RELEASE.jar:2.1.6.RELEASE]
	at org.springframework.data.jpa.repository.query.JpaQueryFactory.fromMethodWithQueryString(JpaQueryFactory.java:76) ~[spring-data-jpa-2.1.6.RELEASE.jar:2.1.6.RELEASE]
	at org.springframework.data.jpa.repository.query.JpaQueryFactory.fromQueryAnnotation(JpaQueryFactory.java:56) ~[spring-data-jpa-2.1.6.RELEASE.jar:2.1.6.RELEASE]
	at org.springframework.data.jpa.repository.query.JpaQueryLookupStrategy$DeclaredQueryLookupStrategy.resolveQuery(JpaQueryLookupStrategy.java:142) ~[spring-data-jpa-2.1.6.RELEASE.jar:2.1.6.RELEASE]
	at org.springframework.data.jpa.repository.query.JpaQueryLookupStrategy$CreateIfNotFoundQueryLookupStrategy.resolveQuery(JpaQueryLookupStrategy.java:209) ~[spring-data-jpa-2.1.6.RELEASE.jar:2.1.6.RELEASE]
	at org.springframework.data.jpa.repository.query.JpaQueryLookupStrategy$AbstractQueryLookupStrategy.resolveQuery(JpaQueryLookupStrategy.java:79) ~[spring-data-jpa-2.1.6.RELEASE.jar:2.1.6.RELEASE]
	at org.springframework.data.repository.core.support.RepositoryFactorySupport$QueryExecutorMethodInterceptor.lookupQuery(RepositoryFactorySupport.java:566) ~[spring-data-commons-2.1.6.RELEASE.jar:2.1.6.RELEASE]
	at org.springframework.data.repository.core.support.RepositoryFactorySupport$QueryExecutorMethodInterceptor.lambda$mapMethodsToQuery$1(RepositoryFactorySupport.java:559) ~[spring-data-commons-2.1.6.RELEASE.jar:2.1.6.RELEASE]
	at java.util.stream.ReferencePipeline$3$1.accept(Unknown Source) ~[na:1.8.0_60]
	at java.util.Iterator.forEachRemaining(Unknown Source) ~[na:1.8.0_60]
	at java.util.Collections$UnmodifiableCollection$1.forEachRemaining(Unknown Source) ~[na:1.8.0_60]
	at java.util.Spliterators$IteratorSpliterator.forEachRemaining(Unknown Source) ~[na:1.8.0_60]
	at java.util.stream.AbstractPipeline.copyInto(Unknown Source) ~[na:1.8.0_60]
	at java.util.stream.AbstractPipeline.wrapAndCopyInto(Unknown Source) ~[na:1.8.0_60]
	at java.util.stream.ReduceOps$ReduceOp.evaluateSequential(Unknown Source) ~[na:1.8.0_60]
	at java.util.stream.AbstractPipeline.evaluate(Unknown Source) ~[na:1.8.0_60]
	at java.util.stream.ReferencePipeline.collect(Unknown Source) ~[na:1.8.0_60]
	at org.springframework.data.repository.core.support.RepositoryFactorySupport$QueryExecutorMethodInterceptor.mapMethodsToQuery(RepositoryFactorySupport.java:561) ~[spring-data-commons-2.1.6.RELEASE.jar:2.1.6.RELEASE]
	at org.springframework.data.repository.core.support.RepositoryFactorySupport$QueryExecutorMethodInterceptor.lambda$new$0(RepositoryFactorySupport.java:551) ~[spring-data-commons-2.1.6.RELEASE.jar:2.1.6.RELEASE]
	at java.util.Optional.map(Unknown Source) ~[na:1.8.0_60]
	at org.springframework.data.repository.core.support.RepositoryFactorySupport$QueryExecutorMethodInterceptor.<init>(RepositoryFactorySupport.java:551) ~[spring-data-commons-2.1.6.RELEASE.jar:2.1.6.RELEASE]
	at org.springframework.data.repository.core.support.RepositoryFactorySupport.getRepository(RepositoryFactorySupport.java:324) ~[spring-data-commons-2.1.6.RELEASE.jar:2.1.6.RELEASE]
	at org.springframework.data.repository.core.support.RepositoryFactoryBeanSupport.lambda$afterPropertiesSet$5(RepositoryFactoryBeanSupport.java:297) ~[spring-data-commons-2.1.6.RELEASE.jar:2.1.6.RELEASE]
	at org.springframework.data.util.Lazy.getNullable(Lazy.java:211) ~[spring-data-commons-2.1.6.RELEASE.jar:2.1.6.RELEASE]
	at org.springframework.data.util.Lazy.get(Lazy.java:94) ~[spring-data-commons-2.1.6.RELEASE.jar:2.1.6.RELEASE]
	at org.springframework.data.repository.core.support.RepositoryFactoryBeanSupport.afterPropertiesSet(RepositoryFactoryBeanSupport.java:300) ~[spring-data-commons-2.1.6.RELEASE.jar:2.1.6.RELEASE]
	at org.springframework.data.jpa.repository.support.JpaRepositoryFactoryBean.afterPropertiesSet(JpaRepositoryFactoryBean.java:121) ~[spring-data-jpa-2.1.6.RELEASE.jar:2.1.6.RELEASE]
	at org.springframework.beans.factory.support.AbstractAutowireCapableBeanFactory.invokeInitMethods(AbstractAutowireCapableBeanFactory.java:1837) ~[spring-beans-5.1.6.RELEASE.jar:5.1.6.RELEASE]
	at org.springframework.beans.factory.support.AbstractAutowireCapableBeanFactory.initializeBean(AbstractAutowireCapableBeanFactory.java:1774) ~[spring-beans-5.1.6.RELEASE.jar:5.1.6.RELEASE]
	... 42 common frames omitted
Caused by: java.lang.IllegalArgumentException: org.hibernate.hql.internal.ast.QuerySyntaxException: Contrat is not mapped [DELETE from Contrat]
	at org.hibernate.internal.ExceptionConverterImpl.convert(ExceptionConverterImpl.java:138) ~[hibernate-core-5.3.9.Final.jar:5.3.9.Final]
	at org.hibernate.internal.ExceptionConverterImpl.convert(ExceptionConverterImpl.java:181) ~[hibernate-core-5.3.9.Final.jar:5.3.9.Final]
	at org.hibernate.internal.ExceptionConverterImpl.convert(ExceptionConverterImpl.java:188) ~[hibernate-core-5.3.9.Final.jar:5.3.9.Final]
	at org.hibernate.internal.AbstractSharedSessionContract.createQuery(AbstractSharedSessionContract.java:723) ~[hibernate-core-5.3.9.Final.jar:5.3.9.Final]
	at org.hibernate.internal.AbstractSessionImpl.createQuery(AbstractSessionImpl.java:23) ~[hibernate-core-5.3.9.Final.jar:5.3.9.Final]
	at sun.reflect.NativeMethodAccessorImpl.invoke0(Native Method) ~[na:1.8.0_60]
	at sun.reflect.NativeMethodAccessorImpl.invoke(Unknown Source) ~[na:1.8.0_60]
	at sun.reflect.DelegatingMethodAccessorImpl.invoke(Unknown Source) ~[na:1.8.0_60]
	at java.lang.reflect.Method.invoke(Unknown Source) ~[na:1.8.0_60]
	at org.springframework.orm.jpa.ExtendedEntityManagerCreator$ExtendedEntityManagerInvocationHandler.invoke(ExtendedEntityManagerCreator.java:350) ~[spring-orm-5.1.6.RELEASE.jar:5.1.6.RELEASE]
	at com.sun.proxy.$Proxy84.createQuery(Unknown Source) ~[na:na]
	at org.springframework.data.jpa.repository.query.SimpleJpaQuery.validateQuery(SimpleJpaQuery.java:87) ~[spring-data-jpa-2.1.6.RELEASE.jar:2.1.6.RELEASE]
	... 71 common frames omitted
Caused by: org.hibernate.hql.internal.ast.QuerySyntaxException: Contrat is not mapped [DELETE from Contrat]
	at org.hibernate.hql.internal.ast.QuerySyntaxException.generateQueryException(QuerySyntaxException.java:79) ~[hibernate-core-5.3.9.Final.jar:5.3.9.Final]
	at org.hibernate.QueryException.wrapWithQueryString(QueryException.java:103) ~[hibernate-core-5.3.9.Final.jar:5.3.9.Final]
	at org.hibernate.hql.internal.ast.QueryTranslatorImpl.doCompile(QueryTranslatorImpl.java:219) ~[hibernate-core-5.3.9.Final.jar:5.3.9.Final]
	at org.hibernate.hql.internal.ast.QueryTranslatorImpl.compile(QueryTranslatorImpl.java:143) ~[hibernate-core-5.3.9.Final.jar:5.3.9.Final]
	at org.hibernate.engine.query.spi.HQLQueryPlan.<init>(HQLQueryPlan.java:119) ~[hibernate-core-5.3.9.Final.jar:5.3.9.Final]
	at org.hibernate.engine.query.spi.HQLQueryPlan.<init>(HQLQueryPlan.java:80) ~[hibernate-core-5.3.9.Final.jar:5.3.9.Final]
	at org.hibernate.engine.query.spi.QueryPlanCache.getHQLQueryPlan(QueryPlanCache.java:153) ~[hibernate-core-5.3.9.Final.jar:5.3.9.Final]
	at org.hibernate.internal.AbstractSharedSessionContract.getQueryPlan(AbstractSharedSessionContract.java:605) ~[hibernate-core-5.3.9.Final.jar:5.3.9.Final]
	at org.hibernate.internal.AbstractSharedSessionContract.createQuery(AbstractSharedSessionContract.java:714) ~[hibernate-core-5.3.9.Final.jar:5.3.9.Final]
	... 79 common frames omitted
Caused by: org.hibernate.hql.internal.ast.QuerySyntaxException: Contrat is not mapped
	at org.hibernate.hql.internal.ast.util.SessionFactoryHelper.requireClassPersister(SessionFactoryHelper.java:169) ~[hibernate-core-5.3.9.Final.jar:5.3.9.Final]
	at org.hibernate.hql.internal.ast.tree.FromElementFactory.addFromElement(FromElementFactory.java:91) ~[hibernate-core-5.3.9.Final.jar:5.3.9.Final]
	at org.hibernate.hql.internal.ast.tree.FromClause.addFromElement(FromClause.java:79) ~[hibernate-core-5.3.9.Final.jar:5.3.9.Final]
	at org.hibernate.hql.internal.ast.HqlSqlWalker.createFromElement(HqlSqlWalker.java:331) ~[hibernate-core-5.3.9.Final.jar:5.3.9.Final]
	at org.hibernate.hql.internal.antlr.HqlSqlBaseWalker.fromElement(HqlSqlBaseWalker.java:3695) ~[hibernate-core-5.3.9.Final.jar:5.3.9.Final]
	at org.hibernate.hql.internal.antlr.HqlSqlBaseWalker.fromElementList(HqlSqlBaseWalker.java:3584) ~[hibernate-core-5.3.9.Final.jar:5.3.9.Final]
	at org.hibernate.hql.internal.antlr.HqlSqlBaseWalker.fromClause(HqlSqlBaseWalker.java:720) ~[hibernate-core-5.3.9.Final.jar:5.3.9.Final]
	at org.hibernate.hql.internal.antlr.HqlSqlBaseWalker.deleteStatement(HqlSqlBaseWalker.java:449) ~[hibernate-core-5.3.9.Final.jar:5.3.9.Final]
	at org.hibernate.hql.internal.antlr.HqlSqlBaseWalker.statement(HqlSqlBaseWalker.java:277) ~[hibernate-core-5.3.9.Final.jar:5.3.9.Final]
	at org.hibernate.hql.internal.ast.QueryTranslatorImpl.analyze(QueryTranslatorImpl.java:271) ~[hibernate-core-5.3.9.Final.jar:5.3.9.Final]
	at org.hibernate.hql.internal.ast.QueryTranslatorImpl.doCompile(QueryTranslatorImpl.java:191) ~[hibernate-core-5.3.9.Final.jar:5.3.9.Final]
	... 85 common frames omitted

2021-11-14 00:13:53.311  INFO 8848 --- [main] SpringBootCoreDataJpaMvcRest1Application : Starting TimesheetSpringBootCoreDataJpaMvcRest1Application on DESKTOP-84CUBII with PID 8848 (C:\Users\hamzo\Documents\workspace-sts-3.8.4.RELEASE\Timesheet-spring-boot-core-data-jpa-mvc-REST-1\target\classes started by hamzo in C:\Users\hamzo\Documents\workspace-sts-3.8.4.RELEASE\Timesheet-spring-boot-core-data-jpa-mvc-REST-1)
2021-11-14 00:13:53.312  INFO 8848 --- [main] SpringBootCoreDataJpaMvcRest1Application : No active profile set, falling back to default profiles: default
2021-11-14 00:13:53.823  INFO 8848 --- [main] .s.d.r.c.RepositoryConfigurationDelegate : Bootstrapping Spring Data repositories in DEFAULT mode.
2021-11-14 00:13:53.874  INFO 8848 --- [main] .s.d.r.c.RepositoryConfigurationDelegate : Finished Spring Data repository scanning in 45ms. Found 1 repository interfaces.
2021-11-14 00:13:54.191  INFO 8848 --- [main] trationDelegate$BeanPostProcessorChecker : Bean 'org.springframework.transaction.annotation.ProxyTransactionManagementConfiguration' of type [org.springframework.transaction.annotation.ProxyTransactionManagementConfiguration$$EnhancerBySpringCGLIB$$1910447e] is not eligible for getting processed by all BeanPostProcessors (for example: not eligible for auto-proxying)
2021-11-14 00:13:54.447  INFO 8848 --- [main] o.s.b.w.embedded.tomcat.TomcatWebServer  : Tomcat initialized with port(s): 8082 (http)
2021-11-14 00:13:54.463  INFO 8848 --- [main] o.apache.catalina.core.StandardService   : Starting service [Tomcat]
2021-11-14 00:13:54.463  INFO 8848 --- [main] org.apache.catalina.core.StandardEngine  : Starting Servlet engine: [Apache Tomcat/9.0.17]
2021-11-14 00:13:54.548  INFO 8848 --- [main] o.a.c.c.C.[.[localhost].[/SpringMVC]     : Initializing Spring embedded WebApplicationContext
2021-11-14 00:13:54.548  INFO 8848 --- [main] o.s.web.context.ContextLoader            : Root WebApplicationContext: initialization completed in 1197 ms
2021-11-14 00:13:54.737  INFO 8848 --- [main] com.zaxxer.hikari.HikariDataSource       : HikariPool-1 - Starting...
2021-11-14 00:13:54.850  INFO 8848 --- [main] com.zaxxer.hikari.HikariDataSource       : HikariPool-1 - Start completed.
2021-11-14 00:13:54.897  INFO 8848 --- [main] o.hibernate.jpa.internal.util.LogHelper  : HHH000204: Processing PersistenceUnitInfo [
	name: default
	...]
2021-11-14 00:13:54.946  INFO 8848 --- [main] org.hibernate.Version                    : HHH000412: Hibernate Core {5.3.9.Final}
2021-11-14 00:13:54.947  INFO 8848 --- [main] org.hibernate.cfg.Environment            : HHH000206: hibernate.properties not found
2021-11-14 00:13:55.054  INFO 8848 --- [main] o.hibernate.annotations.common.Version   : HCANN000001: Hibernate Commons Annotations {5.0.4.Final}
2021-11-14 00:13:55.157  INFO 8848 --- [main] org.hibernate.dialect.Dialect            : HHH000400: Using dialect: org.hibernate.dialect.MySQL5Dialect
2021-11-14 00:13:55.685  INFO 8848 --- [main] o.h.t.schema.internal.SchemaCreatorImpl  : HHH000476: Executing import script 'org.hibernate.tool.schema.internal.exec.ScriptSourceInputNonExistentImpl@1a1f79ce'
2021-11-14 00:13:55.687  INFO 8848 --- [main] j.LocalContainerEntityManagerFactoryBean : Initialized JPA EntityManagerFactory for persistence unit 'default'
2021-11-14 00:13:55.964  INFO 8848 --- [main] o.h.h.i.QueryTranslatorFactoryInitiator  : HHH000397: Using ASTQueryTranslatorFactory
2021-11-14 00:13:56.060  WARN 8848 --- [main] ConfigServletWebServerApplicationContext : Exception encountered during context initialization - cancelling refresh attempt: org.springframework.beans.factory.UnsatisfiedDependencyException: Error creating bean with name 'IControllerEmployeImpl': Unsatisfied dependency expressed through field 'iemployeservice'; nested exception is org.springframework.beans.factory.UnsatisfiedDependencyException: Error creating bean with name 'employeServiceImpl': Unsatisfied dependency expressed through field 'employeRepository'; nested exception is org.springframework.beans.factory.BeanCreationException: Error creating bean with name 'employeRepository': Invocation of init method failed; nested exception is java.lang.IllegalArgumentException: Validation failed for query for method public abstract java.lang.Double tn.esprit.spring.repository.EmployeRepository.getSalaireMoyenByDepartementId(int)!
2021-11-14 00:13:56.061  INFO 8848 --- [main] j.LocalContainerEntityManagerFactoryBean : Closing JPA EntityManagerFactory for persistence unit 'default'
2021-11-14 00:13:56.080  INFO 8848 --- [main] com.zaxxer.hikari.HikariDataSource       : HikariPool-1 - Shutdown initiated...
2021-11-14 00:13:56.085  INFO 8848 --- [main] com.zaxxer.hikari.HikariDataSource       : HikariPool-1 - Shutdown completed.
2021-11-14 00:13:56.088  INFO 8848 --- [main] o.apache.catalina.core.StandardService   : Stopping service [Tomcat]
2021-11-14 00:13:56.104  INFO 8848 --- [main] ConditionEvaluationReportLoggingListener : 

Error starting ApplicationContext. To display the conditions report re-run your application with 'debug' enabled.
2021-11-14 00:13:56.115 ERROR 8848 --- [main] o.s.boot.SpringApplication               : Application run failed

org.springframework.beans.factory.UnsatisfiedDependencyException: Error creating bean with name 'IControllerEmployeImpl': Unsatisfied dependency expressed through field 'iemployeservice'; nested exception is org.springframework.beans.factory.UnsatisfiedDependencyException: Error creating bean with name 'employeServiceImpl': Unsatisfied dependency expressed through field 'employeRepository'; nested exception is org.springframework.beans.factory.BeanCreationException: Error creating bean with name 'employeRepository': Invocation of init method failed; nested exception is java.lang.IllegalArgumentException: Validation failed for query for method public abstract java.lang.Double tn.esprit.spring.repository.EmployeRepository.getSalaireMoyenByDepartementId(int)!
	at org.springframework.beans.factory.annotation.AutowiredAnnotationBeanPostProcessor$AutowiredFieldElement.inject(AutowiredAnnotationBeanPostProcessor.java:596) ~[spring-beans-5.1.6.RELEASE.jar:5.1.6.RELEASE]
	at org.springframework.beans.factory.annotation.InjectionMetadata.inject(InjectionMetadata.java:90) ~[spring-beans-5.1.6.RELEASE.jar:5.1.6.RELEASE]
	at org.springframework.beans.factory.annotation.AutowiredAnnotationBeanPostProcessor.postProcessProperties(AutowiredAnnotationBeanPostProcessor.java:374) ~[spring-beans-5.1.6.RELEASE.jar:5.1.6.RELEASE]
	at org.springframework.beans.factory.support.AbstractAutowireCapableBeanFactory.populateBean(AbstractAutowireCapableBeanFactory.java:1411) ~[spring-beans-5.1.6.RELEASE.jar:5.1.6.RELEASE]
	at org.springframework.beans.factory.support.AbstractAutowireCapableBeanFactory.doCreateBean(AbstractAutowireCapableBeanFactory.java:592) ~[spring-beans-5.1.6.RELEASE.jar:5.1.6.RELEASE]
	at org.springframework.beans.factory.support.AbstractAutowireCapableBeanFactory.createBean(AbstractAutowireCapableBeanFactory.java:515) ~[spring-beans-5.1.6.RELEASE.jar:5.1.6.RELEASE]
	at org.springframework.beans.factory.support.AbstractBeanFactory.lambda$doGetBean$0(AbstractBeanFactory.java:320) ~[spring-beans-5.1.6.RELEASE.jar:5.1.6.RELEASE]
	at org.springframework.beans.factory.support.DefaultSingletonBeanRegistry.getSingleton(DefaultSingletonBeanRegistry.java:222) ~[spring-beans-5.1.6.RELEASE.jar:5.1.6.RELEASE]
	at org.springframework.beans.factory.support.AbstractBeanFactory.doGetBean(AbstractBeanFactory.java:318) ~[spring-beans-5.1.6.RELEASE.jar:5.1.6.RELEASE]
	at org.springframework.beans.factory.support.AbstractBeanFactory.getBean(AbstractBeanFactory.java:199) ~[spring-beans-5.1.6.RELEASE.jar:5.1.6.RELEASE]
	at org.springframework.beans.factory.support.DefaultListableBeanFactory.preInstantiateSingletons(DefaultListableBeanFactory.java:849) ~[spring-beans-5.1.6.RELEASE.jar:5.1.6.RELEASE]
	at org.springframework.context.support.AbstractApplicationContext.finishBeanFactoryInitialization(AbstractApplicationContext.java:877) ~[spring-context-5.1.6.RELEASE.jar:5.1.6.RELEASE]
	at org.springframework.context.support.AbstractApplicationContext.refresh(AbstractApplicationContext.java:549) ~[spring-context-5.1.6.RELEASE.jar:5.1.6.RELEASE]
	at org.springframework.boot.web.servlet.context.ServletWebServerApplicationContext.refresh(ServletWebServerApplicationContext.java:142) ~[spring-boot-2.1.4.RELEASE.jar:2.1.4.RELEASE]
	at org.springframework.boot.SpringApplication.refresh(SpringApplication.java:775) [spring-boot-2.1.4.RELEASE.jar:2.1.4.RELEASE]
	at org.springframework.boot.SpringApplication.refreshContext(SpringApplication.java:397) [spring-boot-2.1.4.RELEASE.jar:2.1.4.RELEASE]
	at org.springframework.boot.SpringApplication.run(SpringApplication.java:316) [spring-boot-2.1.4.RELEASE.jar:2.1.4.RELEASE]
	at org.springframework.boot.SpringApplication.run(SpringApplication.java:1260) [spring-boot-2.1.4.RELEASE.jar:2.1.4.RELEASE]
	at org.springframework.boot.SpringApplication.run(SpringApplication.java:1248) [spring-boot-2.1.4.RELEASE.jar:2.1.4.RELEASE]
	at tn.esprit.spring.TimesheetSpringBootCoreDataJpaMvcRest1Application.main(TimesheetSpringBootCoreDataJpaMvcRest1Application.java:10) [classes/:na]
Caused by: org.springframework.beans.factory.UnsatisfiedDependencyException: Error creating bean with name 'employeServiceImpl': Unsatisfied dependency expressed through field 'employeRepository'; nested exception is org.springframework.beans.factory.BeanCreationException: Error creating bean with name 'employeRepository': Invocation of init method failed; nested exception is java.lang.IllegalArgumentException: Validation failed for query for method public abstract java.lang.Double tn.esprit.spring.repository.EmployeRepository.getSalaireMoyenByDepartementId(int)!
	at org.springframework.beans.factory.annotation.AutowiredAnnotationBeanPostProcessor$AutowiredFieldElement.inject(AutowiredAnnotationBeanPostProcessor.java:596) ~[spring-beans-5.1.6.RELEASE.jar:5.1.6.RELEASE]
	at org.springframework.beans.factory.annotation.InjectionMetadata.inject(InjectionMetadata.java:90) ~[spring-beans-5.1.6.RELEASE.jar:5.1.6.RELEASE]
	at org.springframework.beans.factory.annotation.AutowiredAnnotationBeanPostProcessor.postProcessProperties(AutowiredAnnotationBeanPostProcessor.java:374) ~[spring-beans-5.1.6.RELEASE.jar:5.1.6.RELEASE]
	at org.springframework.beans.factory.support.AbstractAutowireCapableBeanFactory.populateBean(AbstractAutowireCapableBeanFactory.java:1411) ~[spring-beans-5.1.6.RELEASE.jar:5.1.6.RELEASE]
	at org.springframework.beans.factory.support.AbstractAutowireCapableBeanFactory.doCreateBean(AbstractAutowireCapableBeanFactory.java:592) ~[spring-beans-5.1.6.RELEASE.jar:5.1.6.RELEASE]
	at org.springframework.beans.factory.support.AbstractAutowireCapableBeanFactory.createBean(AbstractAutowireCapableBeanFactory.java:515) ~[spring-beans-5.1.6.RELEASE.jar:5.1.6.RELEASE]
	at org.springframework.beans.factory.support.AbstractBeanFactory.lambda$doGetBean$0(AbstractBeanFactory.java:320) ~[spring-beans-5.1.6.RELEASE.jar:5.1.6.RELEASE]
	at org.springframework.beans.factory.support.DefaultSingletonBeanRegistry.getSingleton(DefaultSingletonBeanRegistry.java:222) ~[spring-beans-5.1.6.RELEASE.jar:5.1.6.RELEASE]
	at org.springframework.beans.factory.support.AbstractBeanFactory.doGetBean(AbstractBeanFactory.java:318) ~[spring-beans-5.1.6.RELEASE.jar:5.1.6.RELEASE]
	at org.springframework.beans.factory.support.AbstractBeanFactory.getBean(AbstractBeanFactory.java:199) ~[spring-beans-5.1.6.RELEASE.jar:5.1.6.RELEASE]
	at org.springframework.beans.factory.config.DependencyDescriptor.resolveCandidate(DependencyDescriptor.java:277) ~[spring-beans-5.1.6.RELEASE.jar:5.1.6.RELEASE]
	at org.springframework.beans.factory.support.DefaultListableBeanFactory.doResolveDependency(DefaultListableBeanFactory.java:1247) ~[spring-beans-5.1.6.RELEASE.jar:5.1.6.RELEASE]
	at org.springframework.beans.factory.support.DefaultListableBeanFactory.resolveDependency(DefaultListableBeanFactory.java:1167) ~[spring-beans-5.1.6.RELEASE.jar:5.1.6.RELEASE]
	at org.springframework.beans.factory.annotation.AutowiredAnnotationBeanPostProcessor$AutowiredFieldElement.inject(AutowiredAnnotationBeanPostProcessor.java:593) ~[spring-beans-5.1.6.RELEASE.jar:5.1.6.RELEASE]
	... 19 common frames omitted
Caused by: org.springframework.beans.factory.BeanCreationException: Error creating bean with name 'employeRepository': Invocation of init method failed; nested exception is java.lang.IllegalArgumentException: Validation failed for query for method public abstract java.lang.Double tn.esprit.spring.repository.EmployeRepository.getSalaireMoyenByDepartementId(int)!
	at org.springframework.beans.factory.support.AbstractAutowireCapableBeanFactory.initializeBean(AbstractAutowireCapableBeanFactory.java:1778) ~[spring-beans-5.1.6.RELEASE.jar:5.1.6.RELEASE]
	at org.springframework.beans.factory.support.AbstractAutowireCapableBeanFactory.doCreateBean(AbstractAutowireCapableBeanFactory.java:593) ~[spring-beans-5.1.6.RELEASE.jar:5.1.6.RELEASE]
	at org.springframework.beans.factory.support.AbstractAutowireCapableBeanFactory.createBean(AbstractAutowireCapableBeanFactory.java:515) ~[spring-beans-5.1.6.RELEASE.jar:5.1.6.RELEASE]
	at org.springframework.beans.factory.support.AbstractBeanFactory.lambda$doGetBean$0(AbstractBeanFactory.java:320) ~[spring-beans-5.1.6.RELEASE.jar:5.1.6.RELEASE]
	at org.springframework.beans.factory.support.DefaultSingletonBeanRegistry.getSingleton(DefaultSingletonBeanRegistry.java:222) ~[spring-beans-5.1.6.RELEASE.jar:5.1.6.RELEASE]
	at org.springframework.beans.factory.support.AbstractBeanFactory.doGetBean(AbstractBeanFactory.java:318) ~[spring-beans-5.1.6.RELEASE.jar:5.1.6.RELEASE]
	at org.springframework.beans.factory.support.AbstractBeanFactory.getBean(AbstractBeanFactory.java:199) ~[spring-beans-5.1.6.RELEASE.jar:5.1.6.RELEASE]
	at org.springframework.beans.factory.config.DependencyDescriptor.resolveCandidate(DependencyDescriptor.java:277) ~[spring-beans-5.1.6.RELEASE.jar:5.1.6.RELEASE]
	at org.springframework.beans.factory.support.DefaultListableBeanFactory.doResolveDependency(DefaultListableBeanFactory.java:1247) ~[spring-beans-5.1.6.RELEASE.jar:5.1.6.RELEASE]
	at org.springframework.beans.factory.support.DefaultListableBeanFactory.resolveDependency(DefaultListableBeanFactory.java:1167) ~[spring-beans-5.1.6.RELEASE.jar:5.1.6.RELEASE]
	at org.springframework.beans.factory.annotation.AutowiredAnnotationBeanPostProcessor$AutowiredFieldElement.inject(AutowiredAnnotationBeanPostProcessor.java:593) ~[spring-beans-5.1.6.RELEASE.jar:5.1.6.RELEASE]
	... 32 common frames omitted
Caused by: java.lang.IllegalArgumentException: Validation failed for query for method public abstract java.lang.Double tn.esprit.spring.repository.EmployeRepository.getSalaireMoyenByDepartementId(int)!
	at org.springframework.data.jpa.repository.query.SimpleJpaQuery.validateQuery(SimpleJpaQuery.java:93) ~[spring-data-jpa-2.1.6.RELEASE.jar:2.1.6.RELEASE]
	at org.springframework.data.jpa.repository.query.SimpleJpaQuery.<init>(SimpleJpaQuery.java:63) ~[spring-data-jpa-2.1.6.RELEASE.jar:2.1.6.RELEASE]
	at org.springframework.data.jpa.repository.query.JpaQueryFactory.fromMethodWithQueryString(JpaQueryFactory.java:76) ~[spring-data-jpa-2.1.6.RELEASE.jar:2.1.6.RELEASE]
	at org.springframework.data.jpa.repository.query.JpaQueryFactory.fromQueryAnnotation(JpaQueryFactory.java:56) ~[spring-data-jpa-2.1.6.RELEASE.jar:2.1.6.RELEASE]
	at org.springframework.data.jpa.repository.query.JpaQueryLookupStrategy$DeclaredQueryLookupStrategy.resolveQuery(JpaQueryLookupStrategy.java:142) ~[spring-data-jpa-2.1.6.RELEASE.jar:2.1.6.RELEASE]
	at org.springframework.data.jpa.repository.query.JpaQueryLookupStrategy$CreateIfNotFoundQueryLookupStrategy.resolveQuery(JpaQueryLookupStrategy.java:209) ~[spring-data-jpa-2.1.6.RELEASE.jar:2.1.6.RELEASE]
	at org.springframework.data.jpa.repository.query.JpaQueryLookupStrategy$AbstractQueryLookupStrategy.resolveQuery(JpaQueryLookupStrategy.java:79) ~[spring-data-jpa-2.1.6.RELEASE.jar:2.1.6.RELEASE]
	at org.springframework.data.repository.core.support.RepositoryFactorySupport$QueryExecutorMethodInterceptor.lookupQuery(RepositoryFactorySupport.java:566) ~[spring-data-commons-2.1.6.RELEASE.jar:2.1.6.RELEASE]
	at org.springframework.data.repository.core.support.RepositoryFactorySupport$QueryExecutorMethodInterceptor.lambda$mapMethodsToQuery$1(RepositoryFactorySupport.java:559) ~[spring-data-commons-2.1.6.RELEASE.jar:2.1.6.RELEASE]
	at java.util.stream.ReferencePipeline$3$1.accept(Unknown Source) ~[na:1.8.0_60]
	at java.util.Iterator.forEachRemaining(Unknown Source) ~[na:1.8.0_60]
	at java.util.Collections$UnmodifiableCollection$1.forEachRemaining(Unknown Source) ~[na:1.8.0_60]
	at java.util.Spliterators$IteratorSpliterator.forEachRemaining(Unknown Source) ~[na:1.8.0_60]
	at java.util.stream.AbstractPipeline.copyInto(Unknown Source) ~[na:1.8.0_60]
	at java.util.stream.AbstractPipeline.wrapAndCopyInto(Unknown Source) ~[na:1.8.0_60]
	at java.util.stream.ReduceOps$ReduceOp.evaluateSequential(Unknown Source) ~[na:1.8.0_60]
	at java.util.stream.AbstractPipeline.evaluate(Unknown Source) ~[na:1.8.0_60]
	at java.util.stream.ReferencePipeline.collect(Unknown Source) ~[na:1.8.0_60]
	at org.springframework.data.repository.core.support.RepositoryFactorySupport$QueryExecutorMethodInterceptor.mapMethodsToQuery(RepositoryFactorySupport.java:561) ~[spring-data-commons-2.1.6.RELEASE.jar:2.1.6.RELEASE]
	at org.springframework.data.repository.core.support.RepositoryFactorySupport$QueryExecutorMethodInterceptor.lambda$new$0(RepositoryFactorySupport.java:551) ~[spring-data-commons-2.1.6.RELEASE.jar:2.1.6.RELEASE]
	at java.util.Optional.map(Unknown Source) ~[na:1.8.0_60]
	at org.springframework.data.repository.core.support.RepositoryFactorySupport$QueryExecutorMethodInterceptor.<init>(RepositoryFactorySupport.java:551) ~[spring-data-commons-2.1.6.RELEASE.jar:2.1.6.RELEASE]
	at org.springframework.data.repository.core.support.RepositoryFactorySupport.getRepository(RepositoryFactorySupport.java:324) ~[spring-data-commons-2.1.6.RELEASE.jar:2.1.6.RELEASE]
	at org.springframework.data.repository.core.support.RepositoryFactoryBeanSupport.lambda$afterPropertiesSet$5(RepositoryFactoryBeanSupport.java:297) ~[spring-data-commons-2.1.6.RELEASE.jar:2.1.6.RELEASE]
	at org.springframework.data.util.Lazy.getNullable(Lazy.java:211) ~[spring-data-commons-2.1.6.RELEASE.jar:2.1.6.RELEASE]
	at org.springframework.data.util.Lazy.get(Lazy.java:94) ~[spring-data-commons-2.1.6.RELEASE.jar:2.1.6.RELEASE]
	at org.springframework.data.repository.core.support.RepositoryFactoryBeanSupport.afterPropertiesSet(RepositoryFactoryBeanSupport.java:300) ~[spring-data-commons-2.1.6.RELEASE.jar:2.1.6.RELEASE]
	at org.springframework.data.jpa.repository.support.JpaRepositoryFactoryBean.afterPropertiesSet(JpaRepositoryFactoryBean.java:121) ~[spring-data-jpa-2.1.6.RELEASE.jar:2.1.6.RELEASE]
	at org.springframework.beans.factory.support.AbstractAutowireCapableBeanFactory.invokeInitMethods(AbstractAutowireCapableBeanFactory.java:1837) ~[spring-beans-5.1.6.RELEASE.jar:5.1.6.RELEASE]
	at org.springframework.beans.factory.support.AbstractAutowireCapableBeanFactory.initializeBean(AbstractAutowireCapableBeanFactory.java:1774) ~[spring-beans-5.1.6.RELEASE.jar:5.1.6.RELEASE]
	... 42 common frames omitted
Caused by: java.lang.IllegalArgumentException: org.hibernate.hql.internal.ast.QuerySyntaxException: Contrat is not mapped [Select DISTINCT AVG(cont.salaire) from Contrat cont join cont.employe emp join emp.departements deps where deps.id=:depId]
	at org.hibernate.internal.ExceptionConverterImpl.convert(ExceptionConverterImpl.java:138) ~[hibernate-core-5.3.9.Final.jar:5.3.9.Final]
	at org.hibernate.internal.ExceptionConverterImpl.convert(ExceptionConverterImpl.java:181) ~[hibernate-core-5.3.9.Final.jar:5.3.9.Final]
	at org.hibernate.internal.ExceptionConverterImpl.convert(ExceptionConverterImpl.java:188) ~[hibernate-core-5.3.9.Final.jar:5.3.9.Final]
	at org.hibernate.internal.AbstractSharedSessionContract.createQuery(AbstractSharedSessionContract.java:723) ~[hibernate-core-5.3.9.Final.jar:5.3.9.Final]
	at org.hibernate.internal.AbstractSessionImpl.createQuery(AbstractSessionImpl.java:23) ~[hibernate-core-5.3.9.Final.jar:5.3.9.Final]
	at sun.reflect.NativeMethodAccessorImpl.invoke0(Native Method) ~[na:1.8.0_60]
	at sun.reflect.NativeMethodAccessorImpl.invoke(Unknown Source) ~[na:1.8.0_60]
	at sun.reflect.DelegatingMethodAccessorImpl.invoke(Unknown Source) ~[na:1.8.0_60]
	at java.lang.reflect.Method.invoke(Unknown Source) ~[na:1.8.0_60]
	at org.springframework.orm.jpa.ExtendedEntityManagerCreator$ExtendedEntityManagerInvocationHandler.invoke(ExtendedEntityManagerCreator.java:350) ~[spring-orm-5.1.6.RELEASE.jar:5.1.6.RELEASE]
	at com.sun.proxy.$Proxy84.createQuery(Unknown Source) ~[na:na]
	at org.springframework.data.jpa.repository.query.SimpleJpaQuery.validateQuery(SimpleJpaQuery.java:87) ~[spring-data-jpa-2.1.6.RELEASE.jar:2.1.6.RELEASE]
	... 71 common frames omitted
Caused by: org.hibernate.hql.internal.ast.QuerySyntaxException: Contrat is not mapped [Select DISTINCT AVG(cont.salaire) from Contrat cont join cont.employe emp join emp.departements deps where deps.id=:depId]
	at org.hibernate.hql.internal.ast.QuerySyntaxException.generateQueryException(QuerySyntaxException.java:79) ~[hibernate-core-5.3.9.Final.jar:5.3.9.Final]
	at org.hibernate.QueryException.wrapWithQueryString(QueryException.java:103) ~[hibernate-core-5.3.9.Final.jar:5.3.9.Final]
	at org.hibernate.hql.internal.ast.QueryTranslatorImpl.doCompile(QueryTranslatorImpl.java:219) ~[hibernate-core-5.3.9.Final.jar:5.3.9.Final]
	at org.hibernate.hql.internal.ast.QueryTranslatorImpl.compile(QueryTranslatorImpl.java:143) ~[hibernate-core-5.3.9.Final.jar:5.3.9.Final]
	at org.hibernate.engine.query.spi.HQLQueryPlan.<init>(HQLQueryPlan.java:119) ~[hibernate-core-5.3.9.Final.jar:5.3.9.Final]
	at org.hibernate.engine.query.spi.HQLQueryPlan.<init>(HQLQueryPlan.java:80) ~[hibernate-core-5.3.9.Final.jar:5.3.9.Final]
	at org.hibernate.engine.query.spi.QueryPlanCache.getHQLQueryPlan(QueryPlanCache.java:153) ~[hibernate-core-5.3.9.Final.jar:5.3.9.Final]
	at org.hibernate.internal.AbstractSharedSessionContract.getQueryPlan(AbstractSharedSessionContract.java:605) ~[hibernate-core-5.3.9.Final.jar:5.3.9.Final]
	at org.hibernate.internal.AbstractSharedSessionContract.createQuery(AbstractSharedSessionContract.java:714) ~[hibernate-core-5.3.9.Final.jar:5.3.9.Final]
	... 79 common frames omitted
Caused by: org.hibernate.hql.internal.ast.QuerySyntaxException: Contrat is not mapped
	at org.hibernate.hql.internal.ast.util.SessionFactoryHelper.requireClassPersister(SessionFactoryHelper.java:169) ~[hibernate-core-5.3.9.Final.jar:5.3.9.Final]
	at org.hibernate.hql.internal.ast.tree.FromElementFactory.addFromElement(FromElementFactory.java:91) ~[hibernate-core-5.3.9.Final.jar:5.3.9.Final]
	at org.hibernate.hql.internal.ast.tree.FromClause.addFromElement(FromClause.java:79) ~[hibernate-core-5.3.9.Final.jar:5.3.9.Final]
	at org.hibernate.hql.internal.ast.HqlSqlWalker.createFromElement(HqlSqlWalker.java:331) ~[hibernate-core-5.3.9.Final.jar:5.3.9.Final]
	at org.hibernate.hql.internal.antlr.HqlSqlBaseWalker.fromElement(HqlSqlBaseWalker.java:3695) ~[hibernate-core-5.3.9.Final.jar:5.3.9.Final]
	at org.hibernate.hql.internal.antlr.HqlSqlBaseWalker.fromElementList(HqlSqlBaseWalker.java:3584) ~[hibernate-core-5.3.9.Final.jar:5.3.9.Final]
	at org.hibernate.hql.internal.antlr.HqlSqlBaseWalker.fromClause(HqlSqlBaseWalker.java:720) ~[hibernate-core-5.3.9.Final.jar:5.3.9.Final]
	at org.hibernate.hql.internal.antlr.HqlSqlBaseWalker.query(HqlSqlBaseWalker.java:576) ~[hibernate-core-5.3.9.Final.jar:5.3.9.Final]
	at org.hibernate.hql.internal.antlr.HqlSqlBaseWalker.selectStatement(HqlSqlBaseWalker.java:313) ~[hibernate-core-5.3.9.Final.jar:5.3.9.Final]
	at org.hibernate.hql.internal.antlr.HqlSqlBaseWalker.statement(HqlSqlBaseWalker.java:261) ~[hibernate-core-5.3.9.Final.jar:5.3.9.Final]
	at org.hibernate.hql.internal.ast.QueryTranslatorImpl.analyze(QueryTranslatorImpl.java:271) ~[hibernate-core-5.3.9.Final.jar:5.3.9.Final]
	at org.hibernate.hql.internal.ast.QueryTranslatorImpl.doCompile(QueryTranslatorImpl.java:191) ~[hibernate-core-5.3.9.Final.jar:5.3.9.Final]
	... 85 common frames omitted

2021-11-14 00:14:30.750  INFO 4748 --- [main] SpringBootCoreDataJpaMvcRest1Application : Starting TimesheetSpringBootCoreDataJpaMvcRest1Application on DESKTOP-84CUBII with PID 4748 (C:\Users\hamzo\Documents\workspace-sts-3.8.4.RELEASE\Timesheet-spring-boot-core-data-jpa-mvc-REST-1\target\classes started by hamzo in C:\Users\hamzo\Documents\workspace-sts-3.8.4.RELEASE\Timesheet-spring-boot-core-data-jpa-mvc-REST-1)
2021-11-14 00:14:30.753  INFO 4748 --- [main] SpringBootCoreDataJpaMvcRest1Application : No active profile set, falling back to default profiles: default
2021-11-14 00:14:31.230  INFO 4748 --- [main] .s.d.r.c.RepositoryConfigurationDelegate : Bootstrapping Spring Data repositories in DEFAULT mode.
2021-11-14 00:14:31.276  INFO 4748 --- [main] .s.d.r.c.RepositoryConfigurationDelegate : Finished Spring Data repository scanning in 41ms. Found 1 repository interfaces.
2021-11-14 00:14:31.585  INFO 4748 --- [main] trationDelegate$BeanPostProcessorChecker : Bean 'org.springframework.transaction.annotation.ProxyTransactionManagementConfiguration' of type [org.springframework.transaction.annotation.ProxyTransactionManagementConfiguration$$EnhancerBySpringCGLIB$$4493a75b] is not eligible for getting processed by all BeanPostProcessors (for example: not eligible for auto-proxying)
2021-11-14 00:14:31.895  INFO 4748 --- [main] o.s.b.w.embedded.tomcat.TomcatWebServer  : Tomcat initialized with port(s): 8082 (http)
2021-11-14 00:14:31.913  INFO 4748 --- [main] o.apache.catalina.core.StandardService   : Starting service [Tomcat]
2021-11-14 00:14:31.913  INFO 4748 --- [main] org.apache.catalina.core.StandardEngine  : Starting Servlet engine: [Apache Tomcat/9.0.17]
2021-11-14 00:14:31.995  INFO 4748 --- [main] o.a.c.c.C.[.[localhost].[/SpringMVC]     : Initializing Spring embedded WebApplicationContext
2021-11-14 00:14:31.995  INFO 4748 --- [main] o.s.web.context.ContextLoader            : Root WebApplicationContext: initialization completed in 1211 ms
2021-11-14 00:14:32.170  INFO 4748 --- [main] com.zaxxer.hikari.HikariDataSource       : HikariPool-1 - Starting...
2021-11-14 00:14:32.272  INFO 4748 --- [main] com.zaxxer.hikari.HikariDataSource       : HikariPool-1 - Start completed.
2021-11-14 00:14:32.315  INFO 4748 --- [main] o.hibernate.jpa.internal.util.LogHelper  : HHH000204: Processing PersistenceUnitInfo [
	name: default
	...]
2021-11-14 00:14:32.377  INFO 4748 --- [main] org.hibernate.Version                    : HHH000412: Hibernate Core {5.3.9.Final}
2021-11-14 00:14:32.379  INFO 4748 --- [main] org.hibernate.cfg.Environment            : HHH000206: hibernate.properties not found
2021-11-14 00:14:32.494  INFO 4748 --- [main] o.hibernate.annotations.common.Version   : HCANN000001: Hibernate Commons Annotations {5.0.4.Final}
2021-11-14 00:14:32.601  INFO 4748 --- [main] org.hibernate.dialect.Dialect            : HHH000400: Using dialect: org.hibernate.dialect.MySQL5Dialect
2021-11-14 00:14:33.132  INFO 4748 --- [main] o.h.t.schema.internal.SchemaCreatorImpl  : HHH000476: Executing import script 'org.hibernate.tool.schema.internal.exec.ScriptSourceInputNonExistentImpl@1cd2143b'
2021-11-14 00:14:33.134  INFO 4748 --- [main] j.LocalContainerEntityManagerFactoryBean : Initialized JPA EntityManagerFactory for persistence unit 'default'
2021-11-14 00:14:33.453  INFO 4748 --- [main] o.h.h.i.QueryTranslatorFactoryInitiator  : HHH000397: Using ASTQueryTranslatorFactory
2021-11-14 00:14:33.550  WARN 4748 --- [main] ConfigServletWebServerApplicationContext : Exception encountered during context initialization - cancelling refresh attempt: org.springframework.beans.factory.UnsatisfiedDependencyException: Error creating bean with name 'IControllerEmployeImpl': Unsatisfied dependency expressed through field 'iemployeservice'; nested exception is org.springframework.beans.factory.UnsatisfiedDependencyException: Error creating bean with name 'employeServiceImpl': Unsatisfied dependency expressed through field 'employeRepository'; nested exception is org.springframework.beans.factory.BeanCreationException: Error creating bean with name 'employeRepository': Invocation of init method failed; nested exception is java.lang.IllegalArgumentException: Validation failed for query for method public abstract java.lang.Double tn.esprit.spring.repository.EmployeRepository.getSalaireMoyenByDepartementId(int)!
2021-11-14 00:14:33.550  INFO 4748 --- [main] j.LocalContainerEntityManagerFactoryBean : Closing JPA EntityManagerFactory for persistence unit 'default'
2021-11-14 00:14:33.553  INFO 4748 --- [main] com.zaxxer.hikari.HikariDataSource       : HikariPool-1 - Shutdown initiated...
2021-11-14 00:14:33.556  INFO 4748 --- [main] com.zaxxer.hikari.HikariDataSource       : HikariPool-1 - Shutdown completed.
2021-11-14 00:14:33.558  INFO 4748 --- [main] o.apache.catalina.core.StandardService   : Stopping service [Tomcat]
2021-11-14 00:14:33.569  INFO 4748 --- [main] ConditionEvaluationReportLoggingListener : 

Error starting ApplicationContext. To display the conditions report re-run your application with 'debug' enabled.
2021-11-14 00:14:33.578 ERROR 4748 --- [main] o.s.boot.SpringApplication               : Application run failed

org.springframework.beans.factory.UnsatisfiedDependencyException: Error creating bean with name 'IControllerEmployeImpl': Unsatisfied dependency expressed through field 'iemployeservice'; nested exception is org.springframework.beans.factory.UnsatisfiedDependencyException: Error creating bean with name 'employeServiceImpl': Unsatisfied dependency expressed through field 'employeRepository'; nested exception is org.springframework.beans.factory.BeanCreationException: Error creating bean with name 'employeRepository': Invocation of init method failed; nested exception is java.lang.IllegalArgumentException: Validation failed for query for method public abstract java.lang.Double tn.esprit.spring.repository.EmployeRepository.getSalaireMoyenByDepartementId(int)!
	at org.springframework.beans.factory.annotation.AutowiredAnnotationBeanPostProcessor$AutowiredFieldElement.inject(AutowiredAnnotationBeanPostProcessor.java:596) ~[spring-beans-5.1.6.RELEASE.jar:5.1.6.RELEASE]
	at org.springframework.beans.factory.annotation.InjectionMetadata.inject(InjectionMetadata.java:90) ~[spring-beans-5.1.6.RELEASE.jar:5.1.6.RELEASE]
	at org.springframework.beans.factory.annotation.AutowiredAnnotationBeanPostProcessor.postProcessProperties(AutowiredAnnotationBeanPostProcessor.java:374) ~[spring-beans-5.1.6.RELEASE.jar:5.1.6.RELEASE]
	at org.springframework.beans.factory.support.AbstractAutowireCapableBeanFactory.populateBean(AbstractAutowireCapableBeanFactory.java:1411) ~[spring-beans-5.1.6.RELEASE.jar:5.1.6.RELEASE]
	at org.springframework.beans.factory.support.AbstractAutowireCapableBeanFactory.doCreateBean(AbstractAutowireCapableBeanFactory.java:592) ~[spring-beans-5.1.6.RELEASE.jar:5.1.6.RELEASE]
	at org.springframework.beans.factory.support.AbstractAutowireCapableBeanFactory.createBean(AbstractAutowireCapableBeanFactory.java:515) ~[spring-beans-5.1.6.RELEASE.jar:5.1.6.RELEASE]
	at org.springframework.beans.factory.support.AbstractBeanFactory.lambda$doGetBean$0(AbstractBeanFactory.java:320) ~[spring-beans-5.1.6.RELEASE.jar:5.1.6.RELEASE]
	at org.springframework.beans.factory.support.DefaultSingletonBeanRegistry.getSingleton(DefaultSingletonBeanRegistry.java:222) ~[spring-beans-5.1.6.RELEASE.jar:5.1.6.RELEASE]
	at org.springframework.beans.factory.support.AbstractBeanFactory.doGetBean(AbstractBeanFactory.java:318) ~[spring-beans-5.1.6.RELEASE.jar:5.1.6.RELEASE]
	at org.springframework.beans.factory.support.AbstractBeanFactory.getBean(AbstractBeanFactory.java:199) ~[spring-beans-5.1.6.RELEASE.jar:5.1.6.RELEASE]
	at org.springframework.beans.factory.support.DefaultListableBeanFactory.preInstantiateSingletons(DefaultListableBeanFactory.java:849) ~[spring-beans-5.1.6.RELEASE.jar:5.1.6.RELEASE]
	at org.springframework.context.support.AbstractApplicationContext.finishBeanFactoryInitialization(AbstractApplicationContext.java:877) ~[spring-context-5.1.6.RELEASE.jar:5.1.6.RELEASE]
	at org.springframework.context.support.AbstractApplicationContext.refresh(AbstractApplicationContext.java:549) ~[spring-context-5.1.6.RELEASE.jar:5.1.6.RELEASE]
	at org.springframework.boot.web.servlet.context.ServletWebServerApplicationContext.refresh(ServletWebServerApplicationContext.java:142) ~[spring-boot-2.1.4.RELEASE.jar:2.1.4.RELEASE]
	at org.springframework.boot.SpringApplication.refresh(SpringApplication.java:775) [spring-boot-2.1.4.RELEASE.jar:2.1.4.RELEASE]
	at org.springframework.boot.SpringApplication.refreshContext(SpringApplication.java:397) [spring-boot-2.1.4.RELEASE.jar:2.1.4.RELEASE]
	at org.springframework.boot.SpringApplication.run(SpringApplication.java:316) [spring-boot-2.1.4.RELEASE.jar:2.1.4.RELEASE]
	at org.springframework.boot.SpringApplication.run(SpringApplication.java:1260) [spring-boot-2.1.4.RELEASE.jar:2.1.4.RELEASE]
	at org.springframework.boot.SpringApplication.run(SpringApplication.java:1248) [spring-boot-2.1.4.RELEASE.jar:2.1.4.RELEASE]
	at tn.esprit.spring.TimesheetSpringBootCoreDataJpaMvcRest1Application.main(TimesheetSpringBootCoreDataJpaMvcRest1Application.java:10) [classes/:na]
Caused by: org.springframework.beans.factory.UnsatisfiedDependencyException: Error creating bean with name 'employeServiceImpl': Unsatisfied dependency expressed through field 'employeRepository'; nested exception is org.springframework.beans.factory.BeanCreationException: Error creating bean with name 'employeRepository': Invocation of init method failed; nested exception is java.lang.IllegalArgumentException: Validation failed for query for method public abstract java.lang.Double tn.esprit.spring.repository.EmployeRepository.getSalaireMoyenByDepartementId(int)!
	at org.springframework.beans.factory.annotation.AutowiredAnnotationBeanPostProcessor$AutowiredFieldElement.inject(AutowiredAnnotationBeanPostProcessor.java:596) ~[spring-beans-5.1.6.RELEASE.jar:5.1.6.RELEASE]
	at org.springframework.beans.factory.annotation.InjectionMetadata.inject(InjectionMetadata.java:90) ~[spring-beans-5.1.6.RELEASE.jar:5.1.6.RELEASE]
	at org.springframework.beans.factory.annotation.AutowiredAnnotationBeanPostProcessor.postProcessProperties(AutowiredAnnotationBeanPostProcessor.java:374) ~[spring-beans-5.1.6.RELEASE.jar:5.1.6.RELEASE]
	at org.springframework.beans.factory.support.AbstractAutowireCapableBeanFactory.populateBean(AbstractAutowireCapableBeanFactory.java:1411) ~[spring-beans-5.1.6.RELEASE.jar:5.1.6.RELEASE]
	at org.springframework.beans.factory.support.AbstractAutowireCapableBeanFactory.doCreateBean(AbstractAutowireCapableBeanFactory.java:592) ~[spring-beans-5.1.6.RELEASE.jar:5.1.6.RELEASE]
	at org.springframework.beans.factory.support.AbstractAutowireCapableBeanFactory.createBean(AbstractAutowireCapableBeanFactory.java:515) ~[spring-beans-5.1.6.RELEASE.jar:5.1.6.RELEASE]
	at org.springframework.beans.factory.support.AbstractBeanFactory.lambda$doGetBean$0(AbstractBeanFactory.java:320) ~[spring-beans-5.1.6.RELEASE.jar:5.1.6.RELEASE]
	at org.springframework.beans.factory.support.DefaultSingletonBeanRegistry.getSingleton(DefaultSingletonBeanRegistry.java:222) ~[spring-beans-5.1.6.RELEASE.jar:5.1.6.RELEASE]
	at org.springframework.beans.factory.support.AbstractBeanFactory.doGetBean(AbstractBeanFactory.java:318) ~[spring-beans-5.1.6.RELEASE.jar:5.1.6.RELEASE]
	at org.springframework.beans.factory.support.AbstractBeanFactory.getBean(AbstractBeanFactory.java:199) ~[spring-beans-5.1.6.RELEASE.jar:5.1.6.RELEASE]
	at org.springframework.beans.factory.config.DependencyDescriptor.resolveCandidate(DependencyDescriptor.java:277) ~[spring-beans-5.1.6.RELEASE.jar:5.1.6.RELEASE]
	at org.springframework.beans.factory.support.DefaultListableBeanFactory.doResolveDependency(DefaultListableBeanFactory.java:1247) ~[spring-beans-5.1.6.RELEASE.jar:5.1.6.RELEASE]
	at org.springframework.beans.factory.support.DefaultListableBeanFactory.resolveDependency(DefaultListableBeanFactory.java:1167) ~[spring-beans-5.1.6.RELEASE.jar:5.1.6.RELEASE]
	at org.springframework.beans.factory.annotation.AutowiredAnnotationBeanPostProcessor$AutowiredFieldElement.inject(AutowiredAnnotationBeanPostProcessor.java:593) ~[spring-beans-5.1.6.RELEASE.jar:5.1.6.RELEASE]
	... 19 common frames omitted
Caused by: org.springframework.beans.factory.BeanCreationException: Error creating bean with name 'employeRepository': Invocation of init method failed; nested exception is java.lang.IllegalArgumentException: Validation failed for query for method public abstract java.lang.Double tn.esprit.spring.repository.EmployeRepository.getSalaireMoyenByDepartementId(int)!
	at org.springframework.beans.factory.support.AbstractAutowireCapableBeanFactory.initializeBean(AbstractAutowireCapableBeanFactory.java:1778) ~[spring-beans-5.1.6.RELEASE.jar:5.1.6.RELEASE]
	at org.springframework.beans.factory.support.AbstractAutowireCapableBeanFactory.doCreateBean(AbstractAutowireCapableBeanFactory.java:593) ~[spring-beans-5.1.6.RELEASE.jar:5.1.6.RELEASE]
	at org.springframework.beans.factory.support.AbstractAutowireCapableBeanFactory.createBean(AbstractAutowireCapableBeanFactory.java:515) ~[spring-beans-5.1.6.RELEASE.jar:5.1.6.RELEASE]
	at org.springframework.beans.factory.support.AbstractBeanFactory.lambda$doGetBean$0(AbstractBeanFactory.java:320) ~[spring-beans-5.1.6.RELEASE.jar:5.1.6.RELEASE]
	at org.springframework.beans.factory.support.DefaultSingletonBeanRegistry.getSingleton(DefaultSingletonBeanRegistry.java:222) ~[spring-beans-5.1.6.RELEASE.jar:5.1.6.RELEASE]
	at org.springframework.beans.factory.support.AbstractBeanFactory.doGetBean(AbstractBeanFactory.java:318) ~[spring-beans-5.1.6.RELEASE.jar:5.1.6.RELEASE]
	at org.springframework.beans.factory.support.AbstractBeanFactory.getBean(AbstractBeanFactory.java:199) ~[spring-beans-5.1.6.RELEASE.jar:5.1.6.RELEASE]
	at org.springframework.beans.factory.config.DependencyDescriptor.resolveCandidate(DependencyDescriptor.java:277) ~[spring-beans-5.1.6.RELEASE.jar:5.1.6.RELEASE]
	at org.springframework.beans.factory.support.DefaultListableBeanFactory.doResolveDependency(DefaultListableBeanFactory.java:1247) ~[spring-beans-5.1.6.RELEASE.jar:5.1.6.RELEASE]
	at org.springframework.beans.factory.support.DefaultListableBeanFactory.resolveDependency(DefaultListableBeanFactory.java:1167) ~[spring-beans-5.1.6.RELEASE.jar:5.1.6.RELEASE]
	at org.springframework.beans.factory.annotation.AutowiredAnnotationBeanPostProcessor$AutowiredFieldElement.inject(AutowiredAnnotationBeanPostProcessor.java:593) ~[spring-beans-5.1.6.RELEASE.jar:5.1.6.RELEASE]
	... 32 common frames omitted
Caused by: java.lang.IllegalArgumentException: Validation failed for query for method public abstract java.lang.Double tn.esprit.spring.repository.EmployeRepository.getSalaireMoyenByDepartementId(int)!
	at org.springframework.data.jpa.repository.query.SimpleJpaQuery.validateQuery(SimpleJpaQuery.java:93) ~[spring-data-jpa-2.1.6.RELEASE.jar:2.1.6.RELEASE]
	at org.springframework.data.jpa.repository.query.SimpleJpaQuery.<init>(SimpleJpaQuery.java:63) ~[spring-data-jpa-2.1.6.RELEASE.jar:2.1.6.RELEASE]
	at org.springframework.data.jpa.repository.query.JpaQueryFactory.fromMethodWithQueryString(JpaQueryFactory.java:76) ~[spring-data-jpa-2.1.6.RELEASE.jar:2.1.6.RELEASE]
	at org.springframework.data.jpa.repository.query.JpaQueryFactory.fromQueryAnnotation(JpaQueryFactory.java:56) ~[spring-data-jpa-2.1.6.RELEASE.jar:2.1.6.RELEASE]
	at org.springframework.data.jpa.repository.query.JpaQueryLookupStrategy$DeclaredQueryLookupStrategy.resolveQuery(JpaQueryLookupStrategy.java:142) ~[spring-data-jpa-2.1.6.RELEASE.jar:2.1.6.RELEASE]
	at org.springframework.data.jpa.repository.query.JpaQueryLookupStrategy$CreateIfNotFoundQueryLookupStrategy.resolveQuery(JpaQueryLookupStrategy.java:209) ~[spring-data-jpa-2.1.6.RELEASE.jar:2.1.6.RELEASE]
	at org.springframework.data.jpa.repository.query.JpaQueryLookupStrategy$AbstractQueryLookupStrategy.resolveQuery(JpaQueryLookupStrategy.java:79) ~[spring-data-jpa-2.1.6.RELEASE.jar:2.1.6.RELEASE]
	at org.springframework.data.repository.core.support.RepositoryFactorySupport$QueryExecutorMethodInterceptor.lookupQuery(RepositoryFactorySupport.java:566) ~[spring-data-commons-2.1.6.RELEASE.jar:2.1.6.RELEASE]
	at org.springframework.data.repository.core.support.RepositoryFactorySupport$QueryExecutorMethodInterceptor.lambda$mapMethodsToQuery$1(RepositoryFactorySupport.java:559) ~[spring-data-commons-2.1.6.RELEASE.jar:2.1.6.RELEASE]
	at java.util.stream.ReferencePipeline$3$1.accept(Unknown Source) ~[na:1.8.0_60]
	at java.util.Iterator.forEachRemaining(Unknown Source) ~[na:1.8.0_60]
	at java.util.Collections$UnmodifiableCollection$1.forEachRemaining(Unknown Source) ~[na:1.8.0_60]
	at java.util.Spliterators$IteratorSpliterator.forEachRemaining(Unknown Source) ~[na:1.8.0_60]
	at java.util.stream.AbstractPipeline.copyInto(Unknown Source) ~[na:1.8.0_60]
	at java.util.stream.AbstractPipeline.wrapAndCopyInto(Unknown Source) ~[na:1.8.0_60]
	at java.util.stream.ReduceOps$ReduceOp.evaluateSequential(Unknown Source) ~[na:1.8.0_60]
	at java.util.stream.AbstractPipeline.evaluate(Unknown Source) ~[na:1.8.0_60]
	at java.util.stream.ReferencePipeline.collect(Unknown Source) ~[na:1.8.0_60]
	at org.springframework.data.repository.core.support.RepositoryFactorySupport$QueryExecutorMethodInterceptor.mapMethodsToQuery(RepositoryFactorySupport.java:561) ~[spring-data-commons-2.1.6.RELEASE.jar:2.1.6.RELEASE]
	at org.springframework.data.repository.core.support.RepositoryFactorySupport$QueryExecutorMethodInterceptor.lambda$new$0(RepositoryFactorySupport.java:551) ~[spring-data-commons-2.1.6.RELEASE.jar:2.1.6.RELEASE]
	at java.util.Optional.map(Unknown Source) ~[na:1.8.0_60]
	at org.springframework.data.repository.core.support.RepositoryFactorySupport$QueryExecutorMethodInterceptor.<init>(RepositoryFactorySupport.java:551) ~[spring-data-commons-2.1.6.RELEASE.jar:2.1.6.RELEASE]
	at org.springframework.data.repository.core.support.RepositoryFactorySupport.getRepository(RepositoryFactorySupport.java:324) ~[spring-data-commons-2.1.6.RELEASE.jar:2.1.6.RELEASE]
	at org.springframework.data.repository.core.support.RepositoryFactoryBeanSupport.lambda$afterPropertiesSet$5(RepositoryFactoryBeanSupport.java:297) ~[spring-data-commons-2.1.6.RELEASE.jar:2.1.6.RELEASE]
	at org.springframework.data.util.Lazy.getNullable(Lazy.java:211) ~[spring-data-commons-2.1.6.RELEASE.jar:2.1.6.RELEASE]
	at org.springframework.data.util.Lazy.get(Lazy.java:94) ~[spring-data-commons-2.1.6.RELEASE.jar:2.1.6.RELEASE]
	at org.springframework.data.repository.core.support.RepositoryFactoryBeanSupport.afterPropertiesSet(RepositoryFactoryBeanSupport.java:300) ~[spring-data-commons-2.1.6.RELEASE.jar:2.1.6.RELEASE]
	at org.springframework.data.jpa.repository.support.JpaRepositoryFactoryBean.afterPropertiesSet(JpaRepositoryFactoryBean.java:121) ~[spring-data-jpa-2.1.6.RELEASE.jar:2.1.6.RELEASE]
	at org.springframework.beans.factory.support.AbstractAutowireCapableBeanFactory.invokeInitMethods(AbstractAutowireCapableBeanFactory.java:1837) ~[spring-beans-5.1.6.RELEASE.jar:5.1.6.RELEASE]
	at org.springframework.beans.factory.support.AbstractAutowireCapableBeanFactory.initializeBean(AbstractAutowireCapableBeanFactory.java:1774) ~[spring-beans-5.1.6.RELEASE.jar:5.1.6.RELEASE]
	... 42 common frames omitted
Caused by: java.lang.IllegalArgumentException: org.hibernate.hql.internal.ast.QuerySyntaxException: Contrat is not mapped [Select DISTINCT AVG(cont.salaire) from Contrat cont join cont.employe emp join emp.departements deps where deps.id=:depId]
	at org.hibernate.internal.ExceptionConverterImpl.convert(ExceptionConverterImpl.java:138) ~[hibernate-core-5.3.9.Final.jar:5.3.9.Final]
	at org.hibernate.internal.ExceptionConverterImpl.convert(ExceptionConverterImpl.java:181) ~[hibernate-core-5.3.9.Final.jar:5.3.9.Final]
	at org.hibernate.internal.ExceptionConverterImpl.convert(ExceptionConverterImpl.java:188) ~[hibernate-core-5.3.9.Final.jar:5.3.9.Final]
	at org.hibernate.internal.AbstractSharedSessionContract.createQuery(AbstractSharedSessionContract.java:723) ~[hibernate-core-5.3.9.Final.jar:5.3.9.Final]
	at org.hibernate.internal.AbstractSessionImpl.createQuery(AbstractSessionImpl.java:23) ~[hibernate-core-5.3.9.Final.jar:5.3.9.Final]
	at sun.reflect.NativeMethodAccessorImpl.invoke0(Native Method) ~[na:1.8.0_60]
	at sun.reflect.NativeMethodAccessorImpl.invoke(Unknown Source) ~[na:1.8.0_60]
	at sun.reflect.DelegatingMethodAccessorImpl.invoke(Unknown Source) ~[na:1.8.0_60]
	at java.lang.reflect.Method.invoke(Unknown Source) ~[na:1.8.0_60]
	at org.springframework.orm.jpa.ExtendedEntityManagerCreator$ExtendedEntityManagerInvocationHandler.invoke(ExtendedEntityManagerCreator.java:350) ~[spring-orm-5.1.6.RELEASE.jar:5.1.6.RELEASE]
	at com.sun.proxy.$Proxy84.createQuery(Unknown Source) ~[na:na]
	at org.springframework.data.jpa.repository.query.SimpleJpaQuery.validateQuery(SimpleJpaQuery.java:87) ~[spring-data-jpa-2.1.6.RELEASE.jar:2.1.6.RELEASE]
	... 71 common frames omitted
Caused by: org.hibernate.hql.internal.ast.QuerySyntaxException: Contrat is not mapped [Select DISTINCT AVG(cont.salaire) from Contrat cont join cont.employe emp join emp.departements deps where deps.id=:depId]
	at org.hibernate.hql.internal.ast.QuerySyntaxException.generateQueryException(QuerySyntaxException.java:79) ~[hibernate-core-5.3.9.Final.jar:5.3.9.Final]
	at org.hibernate.QueryException.wrapWithQueryString(QueryException.java:103) ~[hibernate-core-5.3.9.Final.jar:5.3.9.Final]
	at org.hibernate.hql.internal.ast.QueryTranslatorImpl.doCompile(QueryTranslatorImpl.java:219) ~[hibernate-core-5.3.9.Final.jar:5.3.9.Final]
	at org.hibernate.hql.internal.ast.QueryTranslatorImpl.compile(QueryTranslatorImpl.java:143) ~[hibernate-core-5.3.9.Final.jar:5.3.9.Final]
	at org.hibernate.engine.query.spi.HQLQueryPlan.<init>(HQLQueryPlan.java:119) ~[hibernate-core-5.3.9.Final.jar:5.3.9.Final]
	at org.hibernate.engine.query.spi.HQLQueryPlan.<init>(HQLQueryPlan.java:80) ~[hibernate-core-5.3.9.Final.jar:5.3.9.Final]
	at org.hibernate.engine.query.spi.QueryPlanCache.getHQLQueryPlan(QueryPlanCache.java:153) ~[hibernate-core-5.3.9.Final.jar:5.3.9.Final]
	at org.hibernate.internal.AbstractSharedSessionContract.getQueryPlan(AbstractSharedSessionContract.java:605) ~[hibernate-core-5.3.9.Final.jar:5.3.9.Final]
	at org.hibernate.internal.AbstractSharedSessionContract.createQuery(AbstractSharedSessionContract.java:714) ~[hibernate-core-5.3.9.Final.jar:5.3.9.Final]
	... 79 common frames omitted
Caused by: org.hibernate.hql.internal.ast.QuerySyntaxException: Contrat is not mapped
	at org.hibernate.hql.internal.ast.util.SessionFactoryHelper.requireClassPersister(SessionFactoryHelper.java:169) ~[hibernate-core-5.3.9.Final.jar:5.3.9.Final]
	at org.hibernate.hql.internal.ast.tree.FromElementFactory.addFromElement(FromElementFactory.java:91) ~[hibernate-core-5.3.9.Final.jar:5.3.9.Final]
	at org.hibernate.hql.internal.ast.tree.FromClause.addFromElement(FromClause.java:79) ~[hibernate-core-5.3.9.Final.jar:5.3.9.Final]
	at org.hibernate.hql.internal.ast.HqlSqlWalker.createFromElement(HqlSqlWalker.java:331) ~[hibernate-core-5.3.9.Final.jar:5.3.9.Final]
	at org.hibernate.hql.internal.antlr.HqlSqlBaseWalker.fromElement(HqlSqlBaseWalker.java:3695) ~[hibernate-core-5.3.9.Final.jar:5.3.9.Final]
	at org.hibernate.hql.internal.antlr.HqlSqlBaseWalker.fromElementList(HqlSqlBaseWalker.java:3584) ~[hibernate-core-5.3.9.Final.jar:5.3.9.Final]
	at org.hibernate.hql.internal.antlr.HqlSqlBaseWalker.fromClause(HqlSqlBaseWalker.java:720) ~[hibernate-core-5.3.9.Final.jar:5.3.9.Final]
	at org.hibernate.hql.internal.antlr.HqlSqlBaseWalker.query(HqlSqlBaseWalker.java:576) ~[hibernate-core-5.3.9.Final.jar:5.3.9.Final]
	at org.hibernate.hql.internal.antlr.HqlSqlBaseWalker.selectStatement(HqlSqlBaseWalker.java:313) ~[hibernate-core-5.3.9.Final.jar:5.3.9.Final]
	at org.hibernate.hql.internal.antlr.HqlSqlBaseWalker.statement(HqlSqlBaseWalker.java:261) ~[hibernate-core-5.3.9.Final.jar:5.3.9.Final]
	at org.hibernate.hql.internal.ast.QueryTranslatorImpl.analyze(QueryTranslatorImpl.java:271) ~[hibernate-core-5.3.9.Final.jar:5.3.9.Final]
	at org.hibernate.hql.internal.ast.QueryTranslatorImpl.doCompile(QueryTranslatorImpl.java:191) ~[hibernate-core-5.3.9.Final.jar:5.3.9.Final]
	... 85 common frames omitted

2021-11-14 00:14:58.539  INFO 13052 --- [main] SpringBootCoreDataJpaMvcRest1Application : Starting TimesheetSpringBootCoreDataJpaMvcRest1Application on DESKTOP-84CUBII with PID 13052 (C:\Users\hamzo\Documents\workspace-sts-3.8.4.RELEASE\Timesheet-spring-boot-core-data-jpa-mvc-REST-1\target\classes started by hamzo in C:\Users\hamzo\Documents\workspace-sts-3.8.4.RELEASE\Timesheet-spring-boot-core-data-jpa-mvc-REST-1)
2021-11-14 00:14:58.541  INFO 13052 --- [main] SpringBootCoreDataJpaMvcRest1Application : No active profile set, falling back to default profiles: default
2021-11-14 00:14:59.068  INFO 13052 --- [main] .s.d.r.c.RepositoryConfigurationDelegate : Bootstrapping Spring Data repositories in DEFAULT mode.
2021-11-14 00:14:59.117  INFO 13052 --- [main] .s.d.r.c.RepositoryConfigurationDelegate : Finished Spring Data repository scanning in 44ms. Found 1 repository interfaces.
2021-11-14 00:14:59.420  INFO 13052 --- [main] trationDelegate$BeanPostProcessorChecker : Bean 'org.springframework.transaction.annotation.ProxyTransactionManagementConfiguration' of type [org.springframework.transaction.annotation.ProxyTransactionManagementConfiguration$$EnhancerBySpringCGLIB$$32320777] is not eligible for getting processed by all BeanPostProcessors (for example: not eligible for auto-proxying)
2021-11-14 00:14:59.705  INFO 13052 --- [main] o.s.b.w.embedded.tomcat.TomcatWebServer  : Tomcat initialized with port(s): 8082 (http)
2021-11-14 00:14:59.720  INFO 13052 --- [main] o.apache.catalina.core.StandardService   : Starting service [Tomcat]
2021-11-14 00:14:59.721  INFO 13052 --- [main] org.apache.catalina.core.StandardEngine  : Starting Servlet engine: [Apache Tomcat/9.0.17]
2021-11-14 00:14:59.818  INFO 13052 --- [main] o.a.c.c.C.[.[localhost].[/SpringMVC]     : Initializing Spring embedded WebApplicationContext
2021-11-14 00:14:59.818  INFO 13052 --- [main] o.s.web.context.ContextLoader            : Root WebApplicationContext: initialization completed in 1237 ms
2021-11-14 00:14:59.987  INFO 13052 --- [main] com.zaxxer.hikari.HikariDataSource       : HikariPool-1 - Starting...
2021-11-14 00:15:00.110  INFO 13052 --- [main] com.zaxxer.hikari.HikariDataSource       : HikariPool-1 - Start completed.
2021-11-14 00:15:00.151  INFO 13052 --- [main] o.hibernate.jpa.internal.util.LogHelper  : HHH000204: Processing PersistenceUnitInfo [
	name: default
	...]
2021-11-14 00:15:00.208  INFO 13052 --- [main] org.hibernate.Version                    : HHH000412: Hibernate Core {5.3.9.Final}
2021-11-14 00:15:00.209  INFO 13052 --- [main] org.hibernate.cfg.Environment            : HHH000206: hibernate.properties not found
2021-11-14 00:15:00.316  INFO 13052 --- [main] o.hibernate.annotations.common.Version   : HCANN000001: Hibernate Commons Annotations {5.0.4.Final}
2021-11-14 00:15:00.430  INFO 13052 --- [main] org.hibernate.dialect.Dialect            : HHH000400: Using dialect: org.hibernate.dialect.MySQL5Dialect
2021-11-14 00:15:00.958  INFO 13052 --- [main] o.h.t.schema.internal.SchemaCreatorImpl  : HHH000476: Executing import script 'org.hibernate.tool.schema.internal.exec.ScriptSourceInputNonExistentImpl@7c70aae1'
2021-11-14 00:15:00.961  INFO 13052 --- [main] j.LocalContainerEntityManagerFactoryBean : Initialized JPA EntityManagerFactory for persistence unit 'default'
2021-11-14 00:15:01.260  INFO 13052 --- [main] o.h.h.i.QueryTranslatorFactoryInitiator  : HHH000397: Using ASTQueryTranslatorFactory
2021-11-14 00:15:01.544  INFO 13052 --- [main] o.s.s.concurrent.ThreadPoolTaskExecutor  : Initializing ExecutorService 'applicationTaskExecutor'
2021-11-14 00:15:01.759  WARN 13052 --- [main] aWebConfiguration$JpaWebMvcConfiguration : spring.jpa.open-in-view is enabled by default. Therefore, database queries may be performed during view rendering. Explicitly configure spring.jpa.open-in-view to disable this warning
2021-11-14 00:15:01.973 ERROR 13052 --- [main] org.apache.catalina.util.LifecycleBase   : Failed to start component [Connector[HTTP/1.1-8082]]

org.apache.catalina.LifecycleException: Protocol handler start failed
	at org.apache.catalina.connector.Connector.startInternal(Connector.java:1008) ~[tomcat-embed-core-9.0.17.jar:9.0.17]
	at org.apache.catalina.util.LifecycleBase.start(LifecycleBase.java:183) ~[tomcat-embed-core-9.0.17.jar:9.0.17]
	at org.apache.catalina.core.StandardService.addConnector(StandardService.java:226) [tomcat-embed-core-9.0.17.jar:9.0.17]
	at org.springframework.boot.web.embedded.tomcat.TomcatWebServer.addPreviouslyRemovedConnectors(TomcatWebServer.java:259) [spring-boot-2.1.4.RELEASE.jar:2.1.4.RELEASE]
	at org.springframework.boot.web.embedded.tomcat.TomcatWebServer.start(TomcatWebServer.java:197) [spring-boot-2.1.4.RELEASE.jar:2.1.4.RELEASE]
	at org.springframework.boot.web.servlet.context.ServletWebServerApplicationContext.startWebServer(ServletWebServerApplicationContext.java:311) [spring-boot-2.1.4.RELEASE.jar:2.1.4.RELEASE]
	at org.springframework.boot.web.servlet.context.ServletWebServerApplicationContext.finishRefresh(ServletWebServerApplicationContext.java:164) [spring-boot-2.1.4.RELEASE.jar:2.1.4.RELEASE]
	at org.springframework.context.support.AbstractApplicationContext.refresh(AbstractApplicationContext.java:552) [spring-context-5.1.6.RELEASE.jar:5.1.6.RELEASE]
	at org.springframework.boot.web.servlet.context.ServletWebServerApplicationContext.refresh(ServletWebServerApplicationContext.java:142) [spring-boot-2.1.4.RELEASE.jar:2.1.4.RELEASE]
	at org.springframework.boot.SpringApplication.refresh(SpringApplication.java:775) [spring-boot-2.1.4.RELEASE.jar:2.1.4.RELEASE]
	at org.springframework.boot.SpringApplication.refreshContext(SpringApplication.java:397) [spring-boot-2.1.4.RELEASE.jar:2.1.4.RELEASE]
	at org.springframework.boot.SpringApplication.run(SpringApplication.java:316) [spring-boot-2.1.4.RELEASE.jar:2.1.4.RELEASE]
	at org.springframework.boot.SpringApplication.run(SpringApplication.java:1260) [spring-boot-2.1.4.RELEASE.jar:2.1.4.RELEASE]
	at org.springframework.boot.SpringApplication.run(SpringApplication.java:1248) [spring-boot-2.1.4.RELEASE.jar:2.1.4.RELEASE]
	at tn.esprit.spring.TimesheetSpringBootCoreDataJpaMvcRest1Application.main(TimesheetSpringBootCoreDataJpaMvcRest1Application.java:10) [classes/:na]
Caused by: java.net.BindException: Address already in use: bind
	at sun.nio.ch.Net.bind0(Native Method) ~[na:1.8.0_60]
	at sun.nio.ch.Net.bind(Unknown Source) ~[na:1.8.0_60]
	at sun.nio.ch.Net.bind(Unknown Source) ~[na:1.8.0_60]
	at sun.nio.ch.ServerSocketChannelImpl.bind(Unknown Source) ~[na:1.8.0_60]
	at sun.nio.ch.ServerSocketAdaptor.bind(Unknown Source) ~[na:1.8.0_60]
	at org.apache.tomcat.util.net.NioEndpoint.initServerSocket(NioEndpoint.java:236) ~[tomcat-embed-core-9.0.17.jar:9.0.17]
	at org.apache.tomcat.util.net.NioEndpoint.bind(NioEndpoint.java:210) ~[tomcat-embed-core-9.0.17.jar:9.0.17]
	at org.apache.tomcat.util.net.AbstractEndpoint.bindWithCleanup(AbstractEndpoint.java:1103) ~[tomcat-embed-core-9.0.17.jar:9.0.17]
	at org.apache.tomcat.util.net.AbstractEndpoint.start(AbstractEndpoint.java:1189) ~[tomcat-embed-core-9.0.17.jar:9.0.17]
	at org.apache.coyote.AbstractProtocol.start(AbstractProtocol.java:568) ~[tomcat-embed-core-9.0.17.jar:9.0.17]
	at org.apache.catalina.connector.Connector.startInternal(Connector.java:1005) ~[tomcat-embed-core-9.0.17.jar:9.0.17]
	... 14 common frames omitted

2021-11-14 00:15:01.977  INFO 13052 --- [main] o.apache.catalina.core.StandardService   : Stopping service [Tomcat]
2021-11-14 00:15:01.984  INFO 13052 --- [main] ConditionEvaluationReportLoggingListener : 

Error starting ApplicationContext. To display the conditions report re-run your application with 'debug' enabled.
2021-11-14 00:15:01.985 ERROR 13052 --- [main] o.s.b.d.LoggingFailureAnalysisReporter   : 

***************************
APPLICATION FAILED TO START
***************************

Description:

The Tomcat connector configured to listen on port 8082 failed to start. The port may already be in use or the connector may be misconfigured.

Action:

Verify the connector's configuration, identify and stop any process that's listening on port 8082, or configure this application to listen on another port.

2021-11-14 00:15:01.988  INFO 13052 --- [main] o.s.s.concurrent.ThreadPoolTaskExecutor  : Shutting down ExecutorService 'applicationTaskExecutor'
2021-11-14 00:15:01.988  INFO 13052 --- [main] j.LocalContainerEntityManagerFactoryBean : Closing JPA EntityManagerFactory for persistence unit 'default'
2021-11-14 00:15:01.990  INFO 13052 --- [main] com.zaxxer.hikari.HikariDataSource       : HikariPool-1 - Shutdown initiated...
2021-11-14 00:15:01.992  INFO 13052 --- [main] com.zaxxer.hikari.HikariDataSource       : HikariPool-1 - Shutdown completed.
2021-11-14 00:15:29.155  INFO 8736 --- [main] SpringBootCoreDataJpaMvcRest1Application : Starting TimesheetSpringBootCoreDataJpaMvcRest1Application on DESKTOP-84CUBII with PID 8736 (C:\Users\hamzo\Documents\workspace-sts-3.8.4.RELEASE\Timesheet-spring-boot-core-data-jpa-mvc-REST-1\target\classes started by hamzo in C:\Users\hamzo\Documents\workspace-sts-3.8.4.RELEASE\Timesheet-spring-boot-core-data-jpa-mvc-REST-1)
2021-11-14 00:15:29.157  INFO 8736 --- [main] SpringBootCoreDataJpaMvcRest1Application : No active profile set, falling back to default profiles: default
2021-11-14 00:15:29.670  INFO 8736 --- [main] .s.d.r.c.RepositoryConfigurationDelegate : Bootstrapping Spring Data repositories in DEFAULT mode.
2021-11-14 00:15:29.721  INFO 8736 --- [main] .s.d.r.c.RepositoryConfigurationDelegate : Finished Spring Data repository scanning in 45ms. Found 1 repository interfaces.
2021-11-14 00:15:30.009  INFO 8736 --- [main] trationDelegate$BeanPostProcessorChecker : Bean 'org.springframework.transaction.annotation.ProxyTransactionManagementConfiguration' of type [org.springframework.transaction.annotation.ProxyTransactionManagementConfiguration$$EnhancerBySpringCGLIB$$3718788a] is not eligible for getting processed by all BeanPostProcessors (for example: not eligible for auto-proxying)
2021-11-14 00:15:30.263  INFO 8736 --- [main] o.s.b.w.embedded.tomcat.TomcatWebServer  : Tomcat initialized with port(s): 8080 (http)
2021-11-14 00:15:30.280  INFO 8736 --- [main] o.apache.catalina.core.StandardService   : Starting service [Tomcat]
2021-11-14 00:15:30.280  INFO 8736 --- [main] org.apache.catalina.core.StandardEngine  : Starting Servlet engine: [Apache Tomcat/9.0.17]
2021-11-14 00:15:30.377  INFO 8736 --- [main] o.a.c.c.C.[.[localhost].[/SpringMVC]     : Initializing Spring embedded WebApplicationContext
2021-11-14 00:15:30.377  INFO 8736 --- [main] o.s.web.context.ContextLoader            : Root WebApplicationContext: initialization completed in 1182 ms
2021-11-14 00:15:30.563  INFO 8736 --- [main] com.zaxxer.hikari.HikariDataSource       : HikariPool-1 - Starting...
2021-11-14 00:15:30.675  INFO 8736 --- [main] com.zaxxer.hikari.HikariDataSource       : HikariPool-1 - Start completed.
2021-11-14 00:15:30.710  INFO 8736 --- [main] o.hibernate.jpa.internal.util.LogHelper  : HHH000204: Processing PersistenceUnitInfo [
	name: default
	...]
2021-11-14 00:15:30.763  INFO 8736 --- [main] org.hibernate.Version                    : HHH000412: Hibernate Core {5.3.9.Final}
2021-11-14 00:15:30.764  INFO 8736 --- [main] org.hibernate.cfg.Environment            : HHH000206: hibernate.properties not found
2021-11-14 00:15:30.883  INFO 8736 --- [main] o.hibernate.annotations.common.Version   : HCANN000001: Hibernate Commons Annotations {5.0.4.Final}
2021-11-14 00:15:30.983  INFO 8736 --- [main] org.hibernate.dialect.Dialect            : HHH000400: Using dialect: org.hibernate.dialect.MySQL5Dialect
2021-11-14 00:15:31.515  INFO 8736 --- [main] o.h.t.schema.internal.SchemaCreatorImpl  : HHH000476: Executing import script 'org.hibernate.tool.schema.internal.exec.ScriptSourceInputNonExistentImpl@391d1e33'
2021-11-14 00:15:31.517  INFO 8736 --- [main] j.LocalContainerEntityManagerFactoryBean : Initialized JPA EntityManagerFactory for persistence unit 'default'
2021-11-14 00:15:31.800  INFO 8736 --- [main] o.h.h.i.QueryTranslatorFactoryInitiator  : HHH000397: Using ASTQueryTranslatorFactory
2021-11-14 00:15:32.094  INFO 8736 --- [main] o.s.s.concurrent.ThreadPoolTaskExecutor  : Initializing ExecutorService 'applicationTaskExecutor'
2021-11-14 00:15:32.296  WARN 8736 --- [main] aWebConfiguration$JpaWebMvcConfiguration : spring.jpa.open-in-view is enabled by default. Therefore, database queries may be performed during view rendering. Explicitly configure spring.jpa.open-in-view to disable this warning
2021-11-14 00:15:32.469 ERROR 8736 --- [main] org.apache.catalina.util.LifecycleBase   : Failed to start component [Connector[HTTP/1.1-8080]]

org.apache.catalina.LifecycleException: Protocol handler start failed
	at org.apache.catalina.connector.Connector.startInternal(Connector.java:1008) ~[tomcat-embed-core-9.0.17.jar:9.0.17]
	at org.apache.catalina.util.LifecycleBase.start(LifecycleBase.java:183) ~[tomcat-embed-core-9.0.17.jar:9.0.17]
	at org.apache.catalina.core.StandardService.addConnector(StandardService.java:226) [tomcat-embed-core-9.0.17.jar:9.0.17]
	at org.springframework.boot.web.embedded.tomcat.TomcatWebServer.addPreviouslyRemovedConnectors(TomcatWebServer.java:259) [spring-boot-2.1.4.RELEASE.jar:2.1.4.RELEASE]
	at org.springframework.boot.web.embedded.tomcat.TomcatWebServer.start(TomcatWebServer.java:197) [spring-boot-2.1.4.RELEASE.jar:2.1.4.RELEASE]
	at org.springframework.boot.web.servlet.context.ServletWebServerApplicationContext.startWebServer(ServletWebServerApplicationContext.java:311) [spring-boot-2.1.4.RELEASE.jar:2.1.4.RELEASE]
	at org.springframework.boot.web.servlet.context.ServletWebServerApplicationContext.finishRefresh(ServletWebServerApplicationContext.java:164) [spring-boot-2.1.4.RELEASE.jar:2.1.4.RELEASE]
	at org.springframework.context.support.AbstractApplicationContext.refresh(AbstractApplicationContext.java:552) [spring-context-5.1.6.RELEASE.jar:5.1.6.RELEASE]
	at org.springframework.boot.web.servlet.context.ServletWebServerApplicationContext.refresh(ServletWebServerApplicationContext.java:142) [spring-boot-2.1.4.RELEASE.jar:2.1.4.RELEASE]
	at org.springframework.boot.SpringApplication.refresh(SpringApplication.java:775) [spring-boot-2.1.4.RELEASE.jar:2.1.4.RELEASE]
	at org.springframework.boot.SpringApplication.refreshContext(SpringApplication.java:397) [spring-boot-2.1.4.RELEASE.jar:2.1.4.RELEASE]
	at org.springframework.boot.SpringApplication.run(SpringApplication.java:316) [spring-boot-2.1.4.RELEASE.jar:2.1.4.RELEASE]
	at org.springframework.boot.SpringApplication.run(SpringApplication.java:1260) [spring-boot-2.1.4.RELEASE.jar:2.1.4.RELEASE]
	at org.springframework.boot.SpringApplication.run(SpringApplication.java:1248) [spring-boot-2.1.4.RELEASE.jar:2.1.4.RELEASE]
	at tn.esprit.spring.TimesheetSpringBootCoreDataJpaMvcRest1Application.main(TimesheetSpringBootCoreDataJpaMvcRest1Application.java:10) [classes/:na]
Caused by: java.net.BindException: Address already in use: bind
	at sun.nio.ch.Net.bind0(Native Method) ~[na:1.8.0_60]
	at sun.nio.ch.Net.bind(Unknown Source) ~[na:1.8.0_60]
	at sun.nio.ch.Net.bind(Unknown Source) ~[na:1.8.0_60]
	at sun.nio.ch.ServerSocketChannelImpl.bind(Unknown Source) ~[na:1.8.0_60]
	at sun.nio.ch.ServerSocketAdaptor.bind(Unknown Source) ~[na:1.8.0_60]
	at org.apache.tomcat.util.net.NioEndpoint.initServerSocket(NioEndpoint.java:236) ~[tomcat-embed-core-9.0.17.jar:9.0.17]
	at org.apache.tomcat.util.net.NioEndpoint.bind(NioEndpoint.java:210) ~[tomcat-embed-core-9.0.17.jar:9.0.17]
	at org.apache.tomcat.util.net.AbstractEndpoint.bindWithCleanup(AbstractEndpoint.java:1103) ~[tomcat-embed-core-9.0.17.jar:9.0.17]
	at org.apache.tomcat.util.net.AbstractEndpoint.start(AbstractEndpoint.java:1189) ~[tomcat-embed-core-9.0.17.jar:9.0.17]
	at org.apache.coyote.AbstractProtocol.start(AbstractProtocol.java:568) ~[tomcat-embed-core-9.0.17.jar:9.0.17]
	at org.apache.catalina.connector.Connector.startInternal(Connector.java:1005) ~[tomcat-embed-core-9.0.17.jar:9.0.17]
	... 14 common frames omitted

2021-11-14 00:15:32.474  INFO 8736 --- [main] o.apache.catalina.core.StandardService   : Stopping service [Tomcat]
2021-11-14 00:15:32.482  INFO 8736 --- [main] ConditionEvaluationReportLoggingListener : 

Error starting ApplicationContext. To display the conditions report re-run your application with 'debug' enabled.
2021-11-14 00:15:32.483 ERROR 8736 --- [main] o.s.b.d.LoggingFailureAnalysisReporter   : 

***************************
APPLICATION FAILED TO START
***************************

Description:

The Tomcat connector configured to listen on port 8080 failed to start. The port may already be in use or the connector may be misconfigured.

Action:

Verify the connector's configuration, identify and stop any process that's listening on port 8080, or configure this application to listen on another port.

2021-11-14 00:15:32.489  INFO 8736 --- [main] o.s.s.concurrent.ThreadPoolTaskExecutor  : Shutting down ExecutorService 'applicationTaskExecutor'
2021-11-14 00:15:32.490  INFO 8736 --- [main] j.LocalContainerEntityManagerFactoryBean : Closing JPA EntityManagerFactory for persistence unit 'default'
2021-11-14 00:15:32.495  INFO 8736 --- [main] com.zaxxer.hikari.HikariDataSource       : HikariPool-1 - Shutdown initiated...
2021-11-14 00:15:32.498  INFO 8736 --- [main] com.zaxxer.hikari.HikariDataSource       : HikariPool-1 - Shutdown completed.
2021-11-14 00:16:03.530  INFO 2324 --- [main] SpringBootCoreDataJpaMvcRest1Application : Starting TimesheetSpringBootCoreDataJpaMvcRest1Application on DESKTOP-84CUBII with PID 2324 (C:\Users\hamzo\Documents\workspace-sts-3.8.4.RELEASE\Timesheet-spring-boot-core-data-jpa-mvc-REST-1\target\classes started by hamzo in C:\Users\hamzo\Documents\workspace-sts-3.8.4.RELEASE\Timesheet-spring-boot-core-data-jpa-mvc-REST-1)
2021-11-14 00:16:03.533  INFO 2324 --- [main] SpringBootCoreDataJpaMvcRest1Application : No active profile set, falling back to default profiles: default
2021-11-14 00:16:04.058  INFO 2324 --- [main] .s.d.r.c.RepositoryConfigurationDelegate : Bootstrapping Spring Data repositories in DEFAULT mode.
2021-11-14 00:16:04.107  INFO 2324 --- [main] .s.d.r.c.RepositoryConfigurationDelegate : Finished Spring Data repository scanning in 43ms. Found 1 repository interfaces.
2021-11-14 00:16:04.419  INFO 2324 --- [main] trationDelegate$BeanPostProcessorChecker : Bean 'org.springframework.transaction.annotation.ProxyTransactionManagementConfiguration' of type [org.springframework.transaction.annotation.ProxyTransactionManagementConfiguration$$EnhancerBySpringCGLIB$$585199ed] is not eligible for getting processed by all BeanPostProcessors (for example: not eligible for auto-proxying)
2021-11-14 00:16:04.681  INFO 2324 --- [main] o.s.b.w.embedded.tomcat.TomcatWebServer  : Tomcat initialized with port(s): 8088 (http)
2021-11-14 00:16:04.699  INFO 2324 --- [main] o.apache.catalina.core.StandardService   : Starting service [Tomcat]
2021-11-14 00:16:04.699  INFO 2324 --- [main] org.apache.catalina.core.StandardEngine  : Starting Servlet engine: [Apache Tomcat/9.0.17]
2021-11-14 00:16:04.791  INFO 2324 --- [main] o.a.c.c.C.[.[localhost].[/SpringMVC]     : Initializing Spring embedded WebApplicationContext
2021-11-14 00:16:04.791  INFO 2324 --- [main] o.s.web.context.ContextLoader            : Root WebApplicationContext: initialization completed in 1223 ms
2021-11-14 00:16:04.995  INFO 2324 --- [main] com.zaxxer.hikari.HikariDataSource       : HikariPool-1 - Starting...
2021-11-14 00:16:05.094  INFO 2324 --- [main] com.zaxxer.hikari.HikariDataSource       : HikariPool-1 - Start completed.
2021-11-14 00:16:05.129  INFO 2324 --- [main] o.hibernate.jpa.internal.util.LogHelper  : HHH000204: Processing PersistenceUnitInfo [
	name: default
	...]
2021-11-14 00:16:05.183  INFO 2324 --- [main] org.hibernate.Version                    : HHH000412: Hibernate Core {5.3.9.Final}
2021-11-14 00:16:05.183  INFO 2324 --- [main] org.hibernate.cfg.Environment            : HHH000206: hibernate.properties not found
2021-11-14 00:16:05.290  INFO 2324 --- [main] o.hibernate.annotations.common.Version   : HCANN000001: Hibernate Commons Annotations {5.0.4.Final}
2021-11-14 00:16:05.401  INFO 2324 --- [main] org.hibernate.dialect.Dialect            : HHH000400: Using dialect: org.hibernate.dialect.MySQL5Dialect
2021-11-14 00:16:05.926  INFO 2324 --- [main] o.h.t.schema.internal.SchemaCreatorImpl  : HHH000476: Executing import script 'org.hibernate.tool.schema.internal.exec.ScriptSourceInputNonExistentImpl@2416c658'
2021-11-14 00:16:05.927  INFO 2324 --- [main] j.LocalContainerEntityManagerFactoryBean : Initialized JPA EntityManagerFactory for persistence unit 'default'
2021-11-14 00:16:06.205  INFO 2324 --- [main] o.h.h.i.QueryTranslatorFactoryInitiator  : HHH000397: Using ASTQueryTranslatorFactory
2021-11-14 00:16:06.490  INFO 2324 --- [main] o.s.s.concurrent.ThreadPoolTaskExecutor  : Initializing ExecutorService 'applicationTaskExecutor'
2021-11-14 00:16:06.708  WARN 2324 --- [main] aWebConfiguration$JpaWebMvcConfiguration : spring.jpa.open-in-view is enabled by default. Therefore, database queries may be performed during view rendering. Explicitly configure spring.jpa.open-in-view to disable this warning
2021-11-14 00:16:06.902  INFO 2324 --- [main] o.s.b.w.embedded.tomcat.TomcatWebServer  : Tomcat started on port(s): 8088 (http) with context path '/SpringMVC'
